#
# There is insufficient memory for the Java Runtime Environment to continue.
# Native memory allocation (malloc) failed to allocate 32744 bytes for ChunkPool::allocate
# Possible reasons:
#   The system is out of physical RAM or swap space
#   In 32 bit mode, the process size limit was hit
# Possible solutions:
#   Reduce memory load on the system
#   Increase physical memory or swap space
#   Check if swap backing store is full
#   Use 64 bit Java on a 64 bit OS
#   Decrease Java heap size (-Xmx/-Xms)
#   Decrease number of Java threads
#   Decrease Java thread stack sizes (-Xss)
#   Set larger code cache with -XX:ReservedCodeCacheSize=
# This output file may be truncated or incomplete.
#
#  Out of Memory Error (allocation.cpp:273), pid=13872, tid=0x00000000000036f4
#
# JRE version: Java(TM) SE Runtime Environment (8.0_181-b13) (build 1.8.0_181-b13)
# Java VM: Java HotSpot(TM) 64-Bit Server VM (25.181-b13 mixed mode windows-amd64 compressed oops)
# Failed to write core dump. Minidumps are not enabled by default on client versions of Windows
#

---------------  T H R E A D  ---------------

Current thread (0x0000000058ebf000):  JavaThread "C2 CompilerThread1" daemon [_thread_in_native, id=14068, stack(0x00000000592f0000,0x00000000593f0000)]

Stack: [0x00000000592f0000,0x00000000593f0000]
[error occurred during error reporting (printing stack bounds), id 0xc0000005]

Native frames: (J=compiled Java code, j=interpreted, Vv=VM code, C=native code)


Current CompileTask:
C2:   5530 2266       4       java.net.URLClassLoader$1::run (5 bytes)


---------------  P R O C E S S  ---------------

Java Threads: ( => current thread )
  0x000000005afe5800 JavaThread "Thread-0" [_thread_new, id=11120, stack(0x0000000000000000,0x0000000000000000)]
  0x0000000002331000 JavaThread "DestroyJavaVM" [_thread_blocked, id=11580, stack(0x0000000002620000,0x0000000002720000)]
  0x000000005bc92800 JavaThread "Keep-Alive-Timer" daemon [_thread_blocked, id=10980, stack(0x000000005e270000,0x000000005e370000)]
  0x0000000058f44000 JavaThread "Service Thread" daemon [_thread_blocked, id=1120, stack(0x0000000057e20000,0x0000000057f20000)]
  0x0000000058ec2800 JavaThread "C1 CompilerThread2" daemon [_thread_blocked, id=7452, stack(0x0000000059680000,0x0000000059780000)]
=>0x0000000058ebf000 JavaThread "C2 CompilerThread1" daemon [_thread_in_native, id=14068, stack(0x00000000592f0000,0x00000000593f0000)]
  0x0000000058ebb000 JavaThread "C2 CompilerThread0" daemon [_thread_in_native, id=10816, stack(0x0000000059460000,0x0000000059560000)]
  0x0000000058eb3000 JavaThread "Attach Listener" daemon [_thread_blocked, id=10824, stack(0x0000000058380000,0x0000000058480000)]
  0x0000000056d6f800 JavaThread "Signal Dispatcher" daemon [_thread_blocked, id=9624, stack(0x0000000058500000,0x0000000058600000)]
  0x0000000056d53800 JavaThread "Finalizer" daemon [_thread_blocked, id=12328, stack(0x0000000058280000,0x0000000058380000)]
  0x0000000056d4c000 JavaThread "Reference Handler" daemon [_thread_blocked, id=10316, stack(0x00000000580a0000,0x00000000581a0000)]

Other Threads:
  0x0000000056d04800 VMThread [stack: 0x0000000057f50000,0x0000000058050000] [id=11188]
  0x0000000058f6c000 WatcherThread [stack: 0x0000000059870000,0x0000000059970000] [id=9016]

VM state:not at safepoint (normal execution)

VM Mutex/Monitor currently owned by a thread: None

Heap:
 PSYoungGen      total 101888K, used 56460K [0x00000000da180000, 0x00000000e7880000, 0x0000000100000000)
  eden space 98304K, 57% used [0x00000000da180000,0x00000000dd8a30f0,0x00000000e0180000)
  from space 3584K, 0% used [0x00000000e0180000,0x00000000e0180000,0x00000000e0500000)
  to   space 11776K, 0% used [0x00000000e6d00000,0x00000000e6d00000,0x00000000e7880000)
 ParOldGen       total 60928K, used 13522K [0x000000008e400000, 0x0000000091f80000, 0x00000000da180000)
  object space 60928K, 22% used [0x000000008e400000,0x000000008f1348f8,0x0000000091f80000)
 Metaspace       used 26090K, capacity 26388K, committed 26624K, reserved 1073152K
  class space    used 2958K, capacity 3060K, committed 3072K, reserved 1048576K

Card table byte_map: [0x0000000011db0000,0x0000000012140000] byte_map_base: 0x000000001193e000

Marking Bits: (ParMarkBitMap*) 0x0000000058e22d00
 Begin Bits: [0x0000000012700000, 0x0000000014370000)
 End Bits:   [0x0000000014370000, 0x0000000015fe0000)

Polling page: 0x0000000001e30000

CodeCache: size=245760Kb used=9665Kb max_used=9665Kb free=236095Kb
 bounds [0x00000000029f0000, 0x0000000003370000, 0x00000000119f0000]
 total_blobs=3048 nmethods=2389 adapters=570
 compilation: enabled

Compilation events (10 events):
Event: 5.458 Thread 0x0000000058ec2800 2399       3       sun.nio.cs.UTF_8::access$200 (8 bytes)
Event: 5.459 Thread 0x0000000058ec2800 nmethod 2399 0x000000000335d390 code [0x000000000335d520, 0x000000000335d9b8]
Event: 5.459 Thread 0x0000000058ec2800 2400       3       org.codehaus.groovy.runtime.typehandling.DefaultTypeTransformation::castToType (143 bytes)
Event: 5.460 Thread 0x0000000058ec2800 nmethod 2400 0x000000000335dbd0 code [0x000000000335dec0, 0x000000000335f318]
Event: 5.461 Thread 0x0000000058ec2800 2401       3       java.util.Calendar::setFieldsComputed (117 bytes)
Event: 5.462 Thread 0x0000000058ec2800 nmethod 2401 0x000000000335f910 code [0x000000000335fac0, 0x000000000335ff70]
Event: 5.462 Thread 0x0000000058ec2800 2402       3       java.util.GregorianCalendar::getWeekNumber (89 bytes)
Event: 5.463 Thread 0x0000000058ec2800 nmethod 2402 0x00000000033602d0 code [0x0000000003360460, 0x0000000003360bd0]
Event: 5.480 Thread 0x0000000058ec2800 2403       3       sun.util.calendar.BaseCalendar::getFixedDate (324 bytes)
Event: 5.483 Thread 0x0000000058ec2800 nmethod 2403 0x0000000003360f90 code [0x0000000003361280, 0x0000000003363450]

GC Heap History (10 events):
Event: 1.266 GC heap before
{Heap before GC invocations=2 (full 0):
 PSYoungGen      total 28160K, used 28120K [0x00000000da180000, 0x00000000dd880000, 0x0000000100000000)
  eden space 24576K, 100% used [0x00000000da180000,0x00000000db980000,0x00000000db980000)
  from space 3584K, 98% used [0x00000000db980000,0x00000000dbcf6230,0x00000000dbd00000)
  to   space 3584K, 0% used [0x00000000dd500000,0x00000000dd500000,0x00000000dd880000)
 ParOldGen       total 64512K, used 8K [0x000000008e400000, 0x0000000092300000, 0x00000000da180000)
  object space 64512K, 0% used [0x000000008e400000,0x000000008e402000,0x0000000092300000)
 Metaspace       used 8926K, capacity 8992K, committed 9344K, reserved 1056768K
  class space    used 1033K, capacity 1040K, committed 1152K, reserved 1048576K
Event: 1.271 GC heap after
Heap after GC invocations=2 (full 0):
 PSYoungGen      total 52736K, used 3570K [0x00000000da180000, 0x00000000dd880000, 0x0000000100000000)
  eden space 49152K, 0% used [0x00000000da180000,0x00000000da180000,0x00000000dd180000)
  from space 3584K, 99% used [0x00000000dd500000,0x00000000dd87c900,0x00000000dd880000)
  to   space 3584K, 0% used [0x00000000dd180000,0x00000000dd180000,0x00000000dd500000)
 ParOldGen       total 64512K, used 987K [0x000000008e400000, 0x0000000092300000, 0x00000000da180000)
  object space 64512K, 1% used [0x000000008e400000,0x000000008e4f6f40,0x0000000092300000)
 Metaspace       used 8926K, capacity 8992K, committed 9344K, reserved 1056768K
  class space    used 1033K, capacity 1040K, committed 1152K, reserved 1048576K
}
Event: 1.956 GC heap before
{Heap before GC invocations=3 (full 0):
 PSYoungGen      total 52736K, used 52722K [0x00000000da180000, 0x00000000dd880000, 0x0000000100000000)
  eden space 49152K, 100% used [0x00000000da180000,0x00000000dd180000,0x00000000dd180000)
  from space 3584K, 99% used [0x00000000dd500000,0x00000000dd87c900,0x00000000dd880000)
  to   space 3584K, 0% used [0x00000000dd180000,0x00000000dd180000,0x00000000dd500000)
 ParOldGen       total 64512K, used 987K [0x000000008e400000, 0x0000000092300000, 0x00000000da180000)
  object space 64512K, 1% used [0x000000008e400000,0x000000008e4f6f40,0x0000000092300000)
 Metaspace       used 13633K, capacity 13738K, committed 14080K, reserved 1062912K
  class space    used 1444K, capacity 1468K, committed 1536K, reserved 1048576K
Event: 1.963 GC heap after
Heap after GC invocations=3 (full 0):
 PSYoungGen      total 52736K, used 3569K [0x00000000da180000, 0x00000000e0880000, 0x0000000100000000)
  eden space 49152K, 0% used [0x00000000da180000,0x00000000da180000,0x00000000dd180000)
  from space 3584K, 99% used [0x00000000dd180000,0x00000000dd4fc588,0x00000000dd500000)
  to   space 3584K, 0% used [0x00000000e0500000,0x00000000e0500000,0x00000000e0880000)
 ParOldGen       total 64512K, used 4481K [0x000000008e400000, 0x0000000092300000, 0x00000000da180000)
  object space 64512K, 6% used [0x000000008e400000,0x000000008e8605b0,0x0000000092300000)
 Metaspace       used 13633K, capacity 13738K, committed 14080K, reserved 1062912K
  class space    used 1444K, capacity 1468K, committed 1536K, reserved 1048576K
}
Event: 2.843 GC heap before
{Heap before GC invocations=4 (full 0):
 PSYoungGen      total 52736K, used 52721K [0x00000000da180000, 0x00000000e0880000, 0x0000000100000000)
  eden space 49152K, 100% used [0x00000000da180000,0x00000000dd180000,0x00000000dd180000)
  from space 3584K, 99% used [0x00000000dd180000,0x00000000dd4fc588,0x00000000dd500000)
  to   space 3584K, 0% used [0x00000000e0500000,0x00000000e0500000,0x00000000e0880000)
 ParOldGen       total 64512K, used 4481K [0x000000008e400000, 0x0000000092300000, 0x00000000da180000)
  object space 64512K, 6% used [0x000000008e400000,0x000000008e8605b0,0x0000000092300000)
 Metaspace       used 18786K, capacity 19032K, committed 19456K, reserved 1067008K
  class space    used 2137K, capacity 2234K, committed 2304K, reserved 1048576K
Event: 2.855 GC heap after
Heap after GC invocations=4 (full 0):
 PSYoungGen      total 101888K, used 3571K [0x00000000da180000, 0x00000000e0880000, 0x0000000100000000)
  eden space 98304K, 0% used [0x00000000da180000,0x00000000da180000,0x00000000e0180000)
  from space 3584K, 99% used [0x00000000e0500000,0x00000000e087ce80,0x00000000e0880000)
  to   space 3584K, 0% used [0x00000000e0180000,0x00000000e0180000,0x00000000e0500000)
 ParOldGen       total 64512K, used 8360K [0x000000008e400000, 0x0000000092300000, 0x00000000da180000)
  object space 64512K, 12% used [0x000000008e400000,0x000000008ec2a290,0x0000000092300000)
 Metaspace       used 18786K, capacity 19032K, committed 19456K, reserved 1067008K
  class space    used 2137K, capacity 2234K, committed 2304K, reserved 1048576K
}
Event: 4.016 GC heap before
{Heap before GC invocations=5 (full 0):
 PSYoungGen      total 101888K, used 74556K [0x00000000da180000, 0x00000000e0880000, 0x0000000100000000)
  eden space 98304K, 72% used [0x00000000da180000,0x00000000de6d2318,0x00000000e0180000)
  from space 3584K, 99% used [0x00000000e0500000,0x00000000e087ce80,0x00000000e0880000)
  to   space 3584K, 0% used [0x00000000e0180000,0x00000000e0180000,0x00000000e0500000)
 ParOldGen       total 64512K, used 8360K [0x000000008e400000, 0x0000000092300000, 0x00000000da180000)
  object space 64512K, 12% used [0x000000008e400000,0x000000008ec2a290,0x0000000092300000)
 Metaspace       used 20841K, capacity 21128K, committed 21296K, reserved 1069056K
  class space    used 2330K, capacity 2417K, committed 2432K, reserved 1048576K
Event: 4.052 GC heap after
Heap after GC invocations=5 (full 0):
 PSYoungGen      total 101888K, used 3568K [0x00000000da180000, 0x00000000e7880000, 0x0000000100000000)
  eden space 98304K, 0% used [0x00000000da180000,0x00000000da180000,0x00000000e0180000)
  from space 3584K, 99% used [0x00000000e0180000,0x00000000e04fc030,0x00000000e0500000)
  to   space 11776K, 0% used [0x00000000e6d00000,0x00000000e6d00000,0x00000000e7880000)
 ParOldGen       total 64512K, used 15376K [0x000000008e400000, 0x0000000092300000, 0x00000000da180000)
  object space 64512K, 23% used [0x000000008e400000,0x000000008f304068,0x0000000092300000)
 Metaspace       used 20841K, capacity 21128K, committed 21296K, reserved 1069056K
  class space    used 2330K, capacity 2417K, committed 2432K, reserved 1048576K
}
Event: 4.052 GC heap before
{Heap before GC invocations=6 (full 1):
 PSYoungGen      total 101888K, used 3568K [0x00000000da180000, 0x00000000e7880000, 0x0000000100000000)
  eden space 98304K, 0% used [0x00000000da180000,0x00000000da180000,0x00000000e0180000)
  from space 3584K, 99% used [0x00000000e0180000,0x00000000e04fc030,0x00000000e0500000)
  to   space 11776K, 0% used [0x00000000e6d00000,0x00000000e6d00000,0x00000000e7880000)
 ParOldGen       total 64512K, used 15376K [0x000000008e400000, 0x0000000092300000, 0x00000000da180000)
  object space 64512K, 23% used [0x000000008e400000,0x000000008f304068,0x0000000092300000)
 Metaspace       used 20841K, capacity 21128K, committed 21296K, reserved 1069056K
  class space    used 2330K, capacity 2417K, committed 2432K, reserved 1048576K
Event: 4.149 GC heap after
Heap after GC invocations=6 (full 1):
 PSYoungGen      total 101888K, used 0K [0x00000000da180000, 0x00000000e7880000, 0x0000000100000000)
  eden space 98304K, 0% used [0x00000000da180000,0x00000000da180000,0x00000000e0180000)
  from space 3584K, 0% used [0x00000000e0180000,0x00000000e0180000,0x00000000e0500000)
  to   space 11776K, 0% used [0x00000000e6d00000,0x00000000e6d00000,0x00000000e7880000)
 ParOldGen       total 60928K, used 13522K [0x000000008e400000, 0x0000000091f80000, 0x00000000da180000)
  object space 60928K, 22% used [0x000000008e400000,0x000000008f1348f8,0x0000000091f80000)
 Metaspace       used 20841K, capacity 21128K, committed 21296K, reserved 1069056K
  class space    used 2330K, capacity 2417K, committed 2432K, reserved 1048576K
}

Deoptimization events (10 events):
Event: 5.043 Thread 0x0000000002331000 Uncommon trap: reason=unstable_if action=reinterpret pc=0x0000000002d74080 method=java.util.HashMap.getNode(ILjava/lang/Object;)Ljava/util/HashMap$Node; @ 129
Event: 5.043 Thread 0x0000000002331000 Uncommon trap: reason=class_check action=maybe_recompile pc=0x0000000002fc9cdc method=java.util.HashMap.putVal(ILjava/lang/Object;Ljava/lang/Object;ZZ)Ljava/lang/Object; @ 203
Event: 5.044 Thread 0x0000000002331000 Uncommon trap: reason=class_check action=maybe_recompile pc=0x0000000002fc9cdc method=java.util.HashMap.putVal(ILjava/lang/Object;Ljava/lang/Object;ZZ)Ljava/lang/Object; @ 203
Event: 5.061 Thread 0x0000000002331000 Uncommon trap: reason=class_check action=maybe_recompile pc=0x0000000002fc9cdc method=java.util.HashMap.putVal(ILjava/lang/Object;Ljava/lang/Object;ZZ)Ljava/lang/Object; @ 203
Event: 5.086 Thread 0x0000000002331000 Uncommon trap: reason=class_check action=maybe_recompile pc=0x00000000032a74c0 method=java.util.concurrent.ConcurrentHashMap.putVal(Ljava/lang/Object;Ljava/lang/Object;Z)Ljava/lang/Object; @ 192
Event: 5.086 Thread 0x0000000002331000 Uncommon trap: reason=class_check action=maybe_recompile pc=0x00000000032a74c0 method=java.util.concurrent.ConcurrentHashMap.putVal(Ljava/lang/Object;Ljava/lang/Object;Z)Ljava/lang/Object; @ 192
Event: 5.086 Thread 0x0000000002331000 Uncommon trap: reason=class_check action=maybe_recompile pc=0x00000000032a74c0 method=java.util.concurrent.ConcurrentHashMap.putVal(Ljava/lang/Object;Ljava/lang/Object;Z)Ljava/lang/Object; @ 192
Event: 5.087 Thread 0x0000000002331000 Uncommon trap: reason=class_check action=maybe_recompile pc=0x00000000032a74c0 method=java.util.concurrent.ConcurrentHashMap.putVal(Ljava/lang/Object;Ljava/lang/Object;Z)Ljava/lang/Object; @ 192
Event: 5.118 Thread 0x0000000002331000 Uncommon trap: reason=class_check action=maybe_recompile pc=0x0000000002fc9cdc method=java.util.HashMap.putVal(ILjava/lang/Object;Ljava/lang/Object;ZZ)Ljava/lang/Object; @ 203
Event: 5.312 Thread 0x0000000002331000 Uncommon trap: reason=unstable_if action=reinterpret pc=0x000000000325476c method=groovy.lang.MetaClassImpl$1MOPIter.methodNameAction(Ljava/lang/Class;Lorg/codehaus/groovy/runtime/metaclass/MetaMethodIndex$Entry;)V @ 354

Classes redefined (0 events):
No events

Internal exceptions (10 events):
Event: 5.342 Thread 0x0000000002331000 Exception <a 'java/lang/ClassNotFoundException': com/kms/katalon/core/webservice/keyword/builtin/VerifyElementPropertyValueKeywordBeanInfo> (0x00000000dd27bd90) thrown at [C:\re\workspace\8-2-build-windows-amd64-cygwin\jdk8u181\11358\hotspot\src\share\vm\
Event: 5.345 Thread 0x0000000002331000 Exception <a 'java/lang/ClassNotFoundException': com/kms/katalon/core/webservice/keyword/builtin/VerifyElementPropertyValueKeywordCustomizer> (0x00000000dd2cdbd0) thrown at [C:\re\workspace\8-2-build-windows-amd64-cygwin\jdk8u181\11358\hotspot\src\share\v
Event: 5.398 Thread 0x0000000002331000 Exception <a 'java/lang/ClassNotFoundException': Script1BeanInfo> (0x00000000dd46d600) thrown at [C:\re\workspace\8-2-build-windows-amd64-cygwin\jdk8u181\11358\hotspot\src\share\vm\classfile\systemDictionary.cpp, line 210]
Event: 5.401 Thread 0x0000000002331000 Exception <a 'java/lang/ClassNotFoundException': Script1Customizer> (0x00000000dd493278) thrown at [C:\re\workspace\8-2-build-windows-amd64-cygwin\jdk8u181\11358\hotspot\src\share\vm\classfile\systemDictionary.cpp, line 210]
Event: 5.433 Thread 0x0000000002331000 Exception <a 'java/lang/ClassNotFoundException': com/kms/katalon/core/keyword/builtin/VerifyEqualKeywordBeanInfo> (0x00000000dd5c2ff8) thrown at [C:\re\workspace\8-2-build-windows-amd64-cygwin\jdk8u181\11358\hotspot\src\share\vm\classfile\systemDictionary
Event: 5.436 Thread 0x0000000002331000 Exception <a 'java/lang/ClassNotFoundException': com/kms/katalon/core/keyword/builtin/VerifyEqualKeywordCustomizer> (0x00000000dd6029c8) thrown at [C:\re\workspace\8-2-build-windows-amd64-cygwin\jdk8u181\11358\hotspot\src\share\vm\classfile\systemDictiona
Event: 5.472 Thread 0x0000000002331000 Exception <a 'java/lang/ClassNotFoundException': com/kms/katalon/core/webservice/keyword/builtin/VerifyResponseStatusCodeKeywordBeanInfo> (0x00000000dd74d218) thrown at [C:\re\workspace\8-2-build-windows-amd64-cygwin\jdk8u181\11358\hotspot\src\share\vm\cl
Event: 5.476 Thread 0x0000000002331000 Exception <a 'java/lang/ClassNotFoundException': com/kms/katalon/core/webservice/keyword/builtin/VerifyResponseStatusCodeKeywordCustomizer> (0x00000000dd79c7c0) thrown at [C:\re\workspace\8-2-build-windows-amd64-cygwin\jdk8u181\11358\hotspot\src\share\vm\
Event: 5.477 Thread 0x0000000002331000 Exception <a 'java/lang/ArrayIndexOutOfBoundsException': 2> (0x00000000dd7a56f8) thrown at [C:\re\workspace\8-2-build-windows-amd64-cygwin\jdk8u181\11358\hotspot\src\share\vm\interpreter\interpreterRuntime.cpp, line 366]
Event: 5.477 Thread 0x0000000002331000 Exception <a 'java/lang/ArrayIndexOutOfBoundsException': 2> (0x00000000dd7a5b18) thrown at [C:\re\workspace\8-2-build-windows-amd64-cygwin\jdk8u181\11358\hotspot\src\share\vm\interpreter\interpreterRuntime.cpp, line 366]

Events (10 events):
Event: 5.487 loading class net/lightbody/bmp/BrowserMobProxy done
Event: 5.488 Thread 0x0000000002331000 Thread exited: 0x0000000002331000
Event: 5.488 Thread 0x0000000002331000 Thread added: 0x0000000002331000
Event: 5.488 loading class java/util/IdentityHashMap$KeySet
Event: 5.489 loading class java/util/IdentityHashMap$KeySet done
Event: 5.489 loading class java/util/IdentityHashMap$KeyIterator
Event: 5.489 loading class java/util/IdentityHashMap$IdentityHashMapIterator
Event: 5.489 loading class java/util/IdentityHashMap$IdentityHashMapIterator done
Event: 5.489 loading class java/util/IdentityHashMap$KeyIterator done
Event: 5.489 Thread 0x000000005afe5800 Thread added: 0x000000005afe5800


Dynamic libraries:
0x000000013f2a0000 - 0x000000013f2d7000 	C:\SURYAPURBA\Katalon_Studio_Windows_64-6.2.2\jre\bin\javaw.exe
0x00000000778c0000 - 0x0000000077a5f000 	C:\windows\SYSTEM32\ntdll.dll
0x00000000776a0000 - 0x00000000777bf000 	C:\windows\system32\kernel32.dll
0x000007fefd440000 - 0x000007fefd4a7000 	C:\windows\system32\KERNELBASE.dll
0x000007fefdb10000 - 0x000007fefdbeb000 	C:\windows\system32\ADVAPI32.dll
0x000007feff460000 - 0x000007feff4ff000 	C:\windows\system32\msvcrt.dll
0x000007feff500000 - 0x000007feff51f000 	C:\windows\SYSTEM32\sechost.dll
0x000007feff030000 - 0x000007feff15c000 	C:\windows\system32\RPCRT4.dll
0x00000000777c0000 - 0x00000000778ba000 	C:\windows\system32\USER32.dll
0x000007fefee30000 - 0x000007fefee97000 	C:\windows\system32\GDI32.dll
0x000007feff8e0000 - 0x000007feff8ee000 	C:\windows\system32\LPK.dll
0x000007feff1b0000 - 0x000007feff27b000 	C:\windows\system32\USP10.dll
0x000007fefbe20000 - 0x000007fefc015000 	C:\windows\WinSxS\amd64_microsoft.windows.common-controls_6595b64144ccf1df_6.0.7601.24483_none_e372d88f30fbb845\COMCTL32.dll
0x000007feffa00000 - 0x000007feffa71000 	C:\windows\system32\SHLWAPI.dll
0x000007feff8b0000 - 0x000007feff8de000 	C:\windows\system32\IMM32.DLL
0x000007feff8f0000 - 0x000007feff9f9000 	C:\windows\system32\MSCTF.dll
0x0000000068000000 - 0x0000000068066000 	C:\windows\System32\QIPCAP64.dll
0x000007fefe0a0000 - 0x000007fefee2b000 	C:\windows\system32\SHELL32.dll
0x000007fefca10000 - 0x000007fefca6b000 	C:\windows\system32\DNSAPI.dll
0x000007feff160000 - 0x000007feff1ad000 	C:\windows\system32\WS2_32.dll
0x000007feffa80000 - 0x000007feffa88000 	C:\windows\system32\NSI.dll
0x000000006be80000 - 0x000000006bf52000 	C:\SURYAPURBA\Katalon_Studio_Windows_64-6.2.2\jre\bin\msvcr100.dll
0x0000000058600000 - 0x0000000058ea2000 	C:\SURYAPURBA\Katalon_Studio_Windows_64-6.2.2\jre\bin\server\jvm.dll
0x000007fef8730000 - 0x000007fef8739000 	C:\windows\system32\WSOCK32.dll
0x000007fefb360000 - 0x000007fefb39b000 	C:\windows\system32\WINMM.dll
0x000007fefc4e0000 - 0x000007fefc4ec000 	C:\windows\system32\VERSION.dll
0x0000000077a60000 - 0x0000000077a67000 	C:\windows\system32\PSAPI.DLL
0x0000000070770000 - 0x000000007077f000 	C:\SURYAPURBA\Katalon_Studio_Windows_64-6.2.2\jre\bin\verify.dll
0x00000000706f0000 - 0x0000000070719000 	C:\SURYAPURBA\Katalon_Studio_Windows_64-6.2.2\jre\bin\java.dll
0x00000000704b0000 - 0x00000000704c6000 	C:\SURYAPURBA\Katalon_Studio_Windows_64-6.2.2\jre\bin\zip.dll
0x000007fefd830000 - 0x000007fefda2f000 	C:\windows\system32\ole32.dll
0x000007fefd410000 - 0x000007fefd41f000 	C:\windows\system32\profapi.dll
0x0000000070490000 - 0x00000000704aa000 	C:\SURYAPURBA\Katalon_Studio_Windows_64-6.2.2\jre\bin\net.dll
0x000007fefcb90000 - 0x000007fefcbe5000 	C:\windows\system32\mswsock.dll
0x000007fefcb80000 - 0x000007fefcb87000 	C:\windows\System32\wship6.dll
0x0000000070470000 - 0x0000000070481000 	C:\SURYAPURBA\Katalon_Studio_Windows_64-6.2.2\jre\bin\nio.dll
0x000007fefa720000 - 0x000007fefa747000 	C:\windows\system32\IPHLPAPI.DLL
0x000007fefa710000 - 0x000007fefa71b000 	C:\windows\system32\WINNSI.DLL
0x000007fefa4f0000 - 0x000007fefa501000 	C:\windows\system32\dhcpcsvc6.DLL
0x000007fefa510000 - 0x000007fefa528000 	C:\windows\system32\dhcpcsvc.DLL
0x000007fefcbf0000 - 0x000007fefcc08000 	C:\windows\system32\CRYPTSP.dll
0x000007fefc8f0000 - 0x000007fefc937000 	C:\windows\system32\rsaenh.dll
0x000007fefd4b0000 - 0x000007fefd4cf000 	C:\windows\system32\USERENV.dll
0x000007fefd2b0000 - 0x000007fefd2bf000 	C:\windows\system32\CRYPTBASE.dll

VM Arguments:
jvm_args: -Dgroovy.home=/C:/SURYAPURBA/Katalon_Studio_Windows_64-6.2.2/plugins/org.codehaus.groovy_2.4.7.xx-201611170128-e46/ -Xmx1820m -Dfile.encoding=UTF-8 
java_command: org.codehaus.groovy.tools.GroovyStarter --classpath C:\SURYAPURBA\PHS\PHS-BRMS\Include\scripts\groovy;C:\SURYAPURBA\PHS\PHS-BRMS\Keywords;C:\SURYAPURBA\PHS\PHS-BRMS\Libs;C:\SURYAPURBA\PHS\PHS-BRMS\Test Listeners;C:\SURYAPURBA\Katalon_Studio_Windows_64-6.2.2\configuration\resources\lib\aspectjweaver-1.9.1.jar;C:\SURYAPURBA\Katalon_Studio_Windows_64-6.2.2\configuration\resources\lib\bcpkix-jdk15on-1.58.jar;C:\SURYAPURBA\Katalon_Studio_Windows_64-6.2.2\configuration\resources\lib\bcprov-jdk15on-1.58.jar;C:\SURYAPURBA\Katalon_Studio_Windows_64-6.2.2\configuration\resources\lib\browsermob-core-2.1.5.jar;C:\SURYAPURBA\Katalon_Studio_Windows_64-6.2.2\configuration\resources\lib\cglib-3.2.10.jar;C:\SURYAPURBA\Katalon_Studio_Windows_64-6.2.2\configuration\resources\lib\commons-validator-1.6.jar;C:\SURYAPURBA\Katalon_Studio_Windows_64-6.2.2\configuration\resources\lib\dnsjava-2.1.8.jar;C:\SURYAPURBA\Katalon_Studio_Windows_64-6.2.2\configuration\resources\lib\java-client-7.0.0.jar;C:\SURYAPURBA\Katalon_Studio_Windows_64-6.2.2\configuration\resources\lib\jna-4.1.0.jar;C:\SURYAPURBA\Katalon_Studio_Windows_64-6.2.2\configuration\resources\lib\jna-platform-4.1.0.jar;C:\SURYAPURBA\Katalon_Studio_Windows_64-6.2.2\configuration\resources\lib\jzlib-1.1.3.jar;C:\SURYAPURBA\Katalon_Studio_Windows_64-6.2.2\configuration\resources\lib\kat-server.jar;C:\SURYAPURBA\Katalon_Studio_Windows_64-6.2.2\configuration\resources\lib\littleproxy-1.1.0-beta-bmp-17.jar;C:\SURYAPURBA\Katalon_Studio_Windows_64-6.2.2\configuration\resources\lib\mitm-2.1.5.jar;C:\SURYAPURBA\Katalon_Studio_Windows_64-6.2.2\configuration\resources\lib\netty-all-4.0.51.Final.jar;C:\SURYAPURBA\Katalon_Studio_Windows_64-6.2.2\configuration\resources\lib\repackaged-guava-19.0.jar;C:\SURYAPURBA\Katalon_Studio_Windows_64-6.2.2\configuration\resources\lib\repackaged-sikuli-api-1.0.2-standalone.jar;C:\SURYAPURBA\Katalon_Studio_Windows_64-6.2.2\configuration\resources\lib\selenium-leg-rc-3.141.59.jar;C:\SURYAPURBA\Kat
java_class_path (initial): C:\SURYAPURBA\PHS\PHS-BRMS\bin\keyword;C:\SURYAPURBA\PHS\PHS-BRMS\bin\listener;C:\SURYAPURBA\PHS\PHS-BRMS\bin\lib;C:\SURYAPURBA\PHS\PHS-BRMS\bin\groovy;C:\SURYAPURBA\PHS\PHS-BRMS\bin;C:\SURYAPURBA\Katalon_Studio_Windows_64-6.2.2\plugins\com.kms.katalon.core_1.0.0.201907170724.jar;C:\SURYAPURBA\Katalon_Studio_Windows_64-6.2.2\configuration\resources\lib\aspectjweaver-1.9.1.jar;C:\SURYAPURBA\Katalon_Studio_Windows_64-6.2.2\configuration\resources\lib\bcpkix-jdk15on-1.58.jar;C:\SURYAPURBA\Katalon_Studio_Windows_64-6.2.2\configuration\resources\lib\bcprov-jdk15on-1.58.jar;C:\SURYAPURBA\Katalon_Studio_Windows_64-6.2.2\configuration\resources\lib\browsermob-core-2.1.5.jar;C:\SURYAPURBA\Katalon_Studio_Windows_64-6.2.2\configuration\resources\lib\cglib-3.2.10.jar;C:\SURYAPURBA\Katalon_Studio_Windows_64-6.2.2\configuration\resources\lib\commons-validator-1.6.jar;C:\SURYAPURBA\Katalon_Studio_Windows_64-6.2.2\configuration\resources\lib\dnsjava-2.1.8.jar;C:\SURYAPURBA\Katalon_Studio_Windows_64-6.2.2\configuration\resources\lib\java-client-7.0.0.jar;C:\SURYAPURBA\Katalon_Studio_Windows_64-6.2.2\configuration\resources\lib\jna-4.1.0.jar;C:\SURYAPURBA\Katalon_Studio_Windows_64-6.2.2\configuration\resources\lib\jna-platform-4.1.0.jar;C:\SURYAPURBA\Katalon_Studio_Windows_64-6.2.2\configuration\resources\lib\jzlib-1.1.3.jar;C:\SURYAPURBA\Katalon_Studio_Windows_64-6.2.2\configuration\resources\lib\kat-server.jar;C:\SURYAPURBA\Katalon_Studio_Windows_64-6.2.2\configuration\resources\lib\littleproxy-1.1.0-beta-bmp-17.jar;C:\SURYAPURBA\Katalon_Studio_Windows_64-6.2.2\configuration\resources\lib\mitm-2.1.5.jar;C:\SURYAPURBA\Katalon_Studio_Windows_64-6.2.2\configuration\resources\lib\netty-all-4.0.51.Final.jar;C:\SURYAPURBA\Katalon_Studio_Windows_64-6.2.2\configuration\resources\lib\repackaged-guava-19.0.jar;C:\SURYAPURBA\Katalon_Studio_Windows_64-6.2.2\configuration\resources\lib\repackaged-sikuli-api-1.0.2-standalone.jar;C:\SURYAPURBA\Katalon_Studio_Windows_6
Launcher Type: SUN_STANDARD

Environment Variables:
JAVA_HOME=C:\Program Files\Java\jdk1.8.0_202
PATH=C:/SURYAPURBA/Katalon_Studio_Windows_64-6.2.2/jre/bin/server;C:/SURYAPURBA/Katalon_Studio_Windows_64-6.2.2/jre/bin;C:/SURYAPURBA/Katalon_Studio_Windows_64-6.2.2/jre/lib/amd64;C:\apache-maven-3.6.1\bin;C:\Grails\grails-3.3.8\bin;C:\Gradle\gradle-4.10.3\bin;C:\Program Files (x86)\Common Files\Oracle\Java\javapath;C:\Program Files (x86)\RSA SecurID Token Common;C:\windows\system32;C:\windows;C:\windows\System32\Wbem;C:\windows\System32\WindowsPowerShell\v1.0\;C:\Program Files\nodejs\;C:\Program Files\TortoiseSVN\bin;C:\Program Files (x86)\Silk\SilkTest;C:\Program Files (x86)\Silk\SilkTest\ng\gui;C:\Python27;C:\Python27\Scripts;C:\Program Files\Microsoft VS Code\bin;C:\SURYAPURBA\groovy-2.5.7\bin;C:\apache-maven-3.1.1\bin;C:\Grails\grails-3.3.8\bin;C:\Gradle\gradle-4.10.3\bin;C:\Program Files (x86)\Common Files\Oracle\Java\javapath;C:\Program Files (x86)\RSA SecurID Token Common;C:\windows\system32;C:\windows;C:\windows\System32\Wbem;C:\windows\System32\WindowsPowerShell\v1.0\;C:\Users\c19679\AppData\Local\Programs\Git\cmd;C:\Users\c19679\AppData\Roaming\npm;C:\SURYAPURBA\Katalon_Studio_Windows_64-6.2.2;
USERNAME=c19679
OS=Windows_NT
PROCESSOR_IDENTIFIER=Intel64 Family 6 Model 58 Stepping 9, GenuineIntel



---------------  S Y S T E M  ---------------

OS: Windows 7 , 64 bit Build 7601 (6.1.7601.24499)

CPU:total 4 (initial active 4) (2 cores per cpu, 2 threads per core) family 6 model 58 stepping 9, cmov, cx8, fxsr, mmx, sse, sse2, sse3, ssse3, sse4.1, sse4.2, popcnt, avx, aes, clmul, erms, ht, tsc, tscinvbit, tscinv

Memory: 4k page, physical 6151664k(372676k free), swap 14339716k(5040k free)

vm_info: Java HotSpot(TM) 64-Bit Server VM (25.181-b13) for windows-amd64 JRE (1.8.0_181-b13), built on Jul  7 2018 04:01:33 by "java_re" with MS VC++ 10.0 (VS2010)

time: Wed Aug 14 12:05:08 2019
elapsed time: 5 seconds (0d 0h 0m 5s)

