<?xml version="1.0" encoding="UTF-8" standalone="no"?>
<!DOCTYPE log SYSTEM "logger.dtd">
<log>
<record>
  <date>2019-09-12T12:04:34</date>
  <millis>1568264674141</millis>
  <sequence>0</sequence>
  <level>START</level>
  <class>com.kms.katalon.core.logging.XmlKeywordLogger</class>
  <method>startSuite</method>
  <thread>1</thread>
  <message>Start Test Suite : Test Suites/AlterationScoringNBMajor/Entry Age Procedure 2</message>
  <nestedLevel>0</nestedLevel>
  <property name="name">Entry Age Procedure 2</property>
  <property name="description"></property>
  <property name="id">Test Suites/AlterationScoringNBMajor/Entry Age Procedure 2</property>
</record>
<record>
  <date>2019-09-12T12:04:34</date>
  <millis>1568264674199</millis>
  <sequence>1</sequence>
  <level>RUN_DATA</level>
  <class>com.kms.katalon.core.logging.XmlKeywordLogger</class>
  <method>logMessage</method>
  <thread>1</thread>
  <message>hostName = c19679 - LIDLIFE38B0WS.PRU.intranet.asia</message>
  <nestedLevel>0</nestedLevel>
  <property name="hostName">c19679 - LIDLIFE38B0WS.PRU.intranet.asia</property>
</record>
<record>
  <date>2019-09-12T12:04:34</date>
  <millis>1568264674200</millis>
  <sequence>2</sequence>
  <level>RUN_DATA</level>
  <class>com.kms.katalon.core.logging.XmlKeywordLogger</class>
  <method>logMessage</method>
  <thread>1</thread>
  <message>os = Windows 7 64bit</message>
  <nestedLevel>0</nestedLevel>
  <property name="os">Windows 7 64bit</property>
</record>
<record>
  <date>2019-09-12T12:04:34</date>
  <millis>1568264674200</millis>
  <sequence>3</sequence>
  <level>RUN_DATA</level>
  <class>com.kms.katalon.core.logging.XmlKeywordLogger</class>
  <method>logMessage</method>
  <thread>1</thread>
  <message>hostAddress = 10.170.236.40</message>
  <nestedLevel>0</nestedLevel>
  <property name="hostAddress">10.170.236.40</property>
</record>
<record>
  <date>2019-09-12T12:04:34</date>
  <millis>1568264674204</millis>
  <sequence>4</sequence>
  <level>RUN_DATA</level>
  <class>com.kms.katalon.core.logging.XmlKeywordLogger</class>
  <method>logMessage</method>
  <thread>1</thread>
  <message>katalonVersion = 6.2.2.4</message>
  <nestedLevel>0</nestedLevel>
  <property name="katalonVersion">6.2.2.4</property>
</record>
<record>
  <date>2019-09-12T12:04:35</date>
  <millis>1568264675226</millis>
  <sequence>5</sequence>
  <level>START</level>
  <class>com.kms.katalon.core.logging.XmlKeywordLogger</class>
  <method>startTest</method>
  <thread>1</thread>
  <message>Start Test Case : Test Cases/AlterationScoringNBMajor/Entry Age Procedure 2/Entry Age Procedure 2</message>
  <nestedLevel>1</nestedLevel>
  <property name="name">Test Cases/AlterationScoringNBMajor/Entry Age Procedure 2/Entry Age Procedure 2</property>
  <property name="description"></property>
  <property name="id">Test Cases/AlterationScoringNBMajor/Entry Age Procedure 2/Entry Age Procedure 2</property>
  <property name="source">C:\\SURYAPURBA\\PHS\\PHS-BRMS\\Test Cases\\AlterationScoringNBMajor\\Entry Age Procedure 2\\Entry Age Procedure 2.tc</property>
  <property name="tag"></property>
  <property name="isOptional">false</property>
</record>
<record>
  <date>2019-09-12T12:04:35</date>
  <millis>1568264675283</millis>
  <sequence>7</sequence>
  <level>INFO</level>
  <class>com.kms.katalon.core.logging.XmlKeywordLogger</class>
  <method>logMessage</method>
  <thread>1</thread>
  <message>transactionType = Major</message>
  <nestedLevel>1</nestedLevel>
</record>
<record>
  <date>2019-09-12T12:04:35</date>
  <millis>1568264675283</millis>
  <sequence>8</sequence>
  <level>INFO</level>
  <class>com.kms.katalon.core.logging.XmlKeywordLogger</class>
  <method>logMessage</method>
  <thread>1</thread>
  <message>productCode = U1T</message>
  <nestedLevel>1</nestedLevel>
</record>
<record>
  <date>2019-09-12T12:04:35</date>
  <millis>1568264675284</millis>
  <sequence>9</sequence>
  <level>INFO</level>
  <class>com.kms.katalon.core.logging.XmlKeywordLogger</class>
  <method>logMessage</method>
  <thread>1</thread>
  <message>role = LA1</message>
  <nestedLevel>1</nestedLevel>
</record>
<record>
  <date>2019-09-12T12:04:35</date>
  <millis>1568264675284</millis>
  <sequence>10</sequence>
  <level>INFO</level>
  <class>com.kms.katalon.core.logging.XmlKeywordLogger</class>
  <method>logMessage</method>
  <thread>1</thread>
  <message>age = 364</message>
  <nestedLevel>1</nestedLevel>
</record>
<record>
  <date>2019-09-12T12:04:35</date>
  <millis>1568264675284</millis>
  <sequence>11</sequence>
  <level>INFO</level>
  <class>com.kms.katalon.core.logging.XmlKeywordLogger</class>
  <method>logMessage</method>
  <thread>1</thread>
  <message>weight = 2499</message>
  <nestedLevel>1</nestedLevel>
</record>
<record>
  <date>2019-09-12T12:04:35</date>
  <millis>1568264675285</millis>
  <sequence>12</sequence>
  <level>INFO</level>
  <class>com.kms.katalon.core.logging.XmlKeywordLogger</class>
  <method>logMessage</method>
  <thread>1</thread>
  <message>expectedEviCode = CBP</message>
  <nestedLevel>1</nestedLevel>
</record>
<record>
  <date>2019-09-12T12:04:35</date>
  <millis>1568264675286</millis>
  <sequence>13</sequence>
  <level>INFO</level>
  <class>com.kms.katalon.core.logging.XmlKeywordLogger</class>
  <method>logMessage</method>
  <thread>1</thread>
  <message>expectedDescription = Postpone karena usia &amp;lt; 1 tahun dengan BBLR &amp;lt;2500gr - Entry Age Procedure 2</message>
  <nestedLevel>1</nestedLevel>
</record>
<record>
  <date>2019-09-12T12:04:35</date>
  <millis>1568264675894</millis>
  <sequence>14</sequence>
  <level>START</level>
  <class>com.kms.katalon.core.logging.XmlKeywordLogger</class>
  <method>startKeyword</method>
  <thread>1</thread>
  <message>Start action : response = sendRequest(findTestObject(\&amp;quot;AlterationScroingNBMajor/Entry Age Procedure 2/Version 1.0_Check_1.391/Object Request\&amp;quot;, [\&amp;quot;transactionType\&amp;quot;:transactionType, \&amp;quot;productCode\&amp;quot;:productCode, \&amp;quot;role\&amp;quot;:role, \&amp;quot;age\&amp;quot;:age, \&amp;quot;weight\&amp;quot;:weight]))</message>
  <nestedLevel>1</nestedLevel>
  <property name="startLine">8</property>
  <property name="stepIndex">1</property>
</record>
<record>
  <date>2019-09-12T12:04:37</date>
  <millis>1568264677373</millis>
  <sequence>17</sequence>
  <level>INFO</level>
  <class>com.kms.katalon.core.logging.XmlKeywordLogger</class>
  <method>logMessage</method>
  <thread>1</thread>
  <message>HAR: C:\\SURYAPURBA\\PHS\\PHS-BRMS\\Reports\\AlterationScoringNBMajor\\Entry Age Procedure 2\\20190912_120430\\requests\\main\\0.har</message>
  <nestedLevel>1</nestedLevel>
  <property name="harId">eed69f27-1f29-4b60-87f8-13275bb9e2c4</property>
</record>
<record>
  <date>2019-09-12T12:04:37</date>
  <millis>1568264677570</millis>
  <sequence>18</sequence>
  <level>PASSED</level>
  <class>com.kms.katalon.core.logging.XmlKeywordLogger</class>
  <method>logMessage</method>
  <thread>1</thread>
  <message>Send request successfully</message>
  <nestedLevel>1</nestedLevel>
</record>
<record>
  <date>2019-09-12T12:04:37</date>
  <millis>1568264677574</millis>
  <sequence>19</sequence>
  <level>END</level>
  <class>com.kms.katalon.core.logging.XmlKeywordLogger</class>
  <method>endKeyword</method>
  <thread>1</thread>
  <message>End action : response = sendRequest(findTestObject(\&amp;quot;AlterationScroingNBMajor/Entry Age Procedure 2/Version 1.0_Check_1.391/Object Request\&amp;quot;, [\&amp;quot;transactionType\&amp;quot;:transactionType, \&amp;quot;productCode\&amp;quot;:productCode, \&amp;quot;role\&amp;quot;:role, \&amp;quot;age\&amp;quot;:age, \&amp;quot;weight\&amp;quot;:weight]))</message>
  <nestedLevel>1</nestedLevel>
</record>
<record>
  <date>2019-09-12T12:04:37</date>
  <millis>1568264677575</millis>
  <sequence>20</sequence>
  <level>START</level>
  <class>com.kms.katalon.core.logging.XmlKeywordLogger</class>
  <method>startKeyword</method>
  <thread>1</thread>
  <message>Start action : slurper = new groovy.json.JsonSlurper()</message>
  <nestedLevel>1</nestedLevel>
  <property name="startLine">11</property>
  <property name="stepIndex">2</property>
</record>
<record>
  <date>2019-09-12T12:04:37</date>
  <millis>1568264677592</millis>
  <sequence>21</sequence>
  <level>END</level>
  <class>com.kms.katalon.core.logging.XmlKeywordLogger</class>
  <method>endKeyword</method>
  <thread>1</thread>
  <message>End action : slurper = new groovy.json.JsonSlurper()</message>
  <nestedLevel>1</nestedLevel>
</record>
<record>
  <date>2019-09-12T12:04:37</date>
  <millis>1568264677593</millis>
  <sequence>22</sequence>
  <level>START</level>
  <class>com.kms.katalon.core.logging.XmlKeywordLogger</class>
  <method>startKeyword</method>
  <thread>1</thread>
  <message>Start action : parsingResponse = slurper.parseText(response.getResponseText())</message>
  <nestedLevel>1</nestedLevel>
  <property name="startLine">13</property>
  <property name="stepIndex">3</property>
</record>
<record>
  <date>2019-09-12T12:04:37</date>
  <millis>1568264677636</millis>
  <sequence>23</sequence>
  <level>END</level>
  <class>com.kms.katalon.core.logging.XmlKeywordLogger</class>
  <method>endKeyword</method>
  <thread>1</thread>
  <message>End action : parsingResponse = slurper.parseText(response.getResponseText())</message>
  <nestedLevel>1</nestedLevel>
</record>
<record>
  <date>2019-09-12T12:04:37</date>
  <millis>1568264677636</millis>
  <sequence>24</sequence>
  <level>START</level>
  <class>com.kms.katalon.core.logging.XmlKeywordLogger</class>
  <method>startKeyword</method>
  <thread>1</thread>
  <message>Start action : println(parsingResponse)</message>
  <nestedLevel>1</nestedLevel>
  <property name="startLine">15</property>
  <property name="stepIndex">4</property>
</record>
<record>
  <date>2019-09-12T12:04:37</date>
  <millis>1568264677671</millis>
  <sequence>25</sequence>
  <level>END</level>
  <class>com.kms.katalon.core.logging.XmlKeywordLogger</class>
  <method>endKeyword</method>
  <thread>1</thread>
  <message>End action : println(parsingResponse)</message>
  <nestedLevel>1</nestedLevel>
</record>
<record>
  <date>2019-09-12T12:04:37</date>
  <millis>1568264677671</millis>
  <sequence>26</sequence>
  <level>START</level>
  <class>com.kms.katalon.core.logging.XmlKeywordLogger</class>
  <method>startKeyword</method>
  <thread>1</thread>
  <message>Start action : evidenceCode = evidenceCode</message>
  <nestedLevel>1</nestedLevel>
  <property name="startLine">17</property>
  <property name="stepIndex">5</property>
</record>
<record>
  <date>2019-09-12T12:04:37</date>
  <millis>1568264677689</millis>
  <sequence>27</sequence>
  <level>END</level>
  <class>com.kms.katalon.core.logging.XmlKeywordLogger</class>
  <method>endKeyword</method>
  <thread>1</thread>
  <message>End action : evidenceCode = evidenceCode</message>
  <nestedLevel>1</nestedLevel>
</record>
<record>
  <date>2019-09-12T12:04:37</date>
  <millis>1568264677690</millis>
  <sequence>28</sequence>
  <level>START</level>
  <class>com.kms.katalon.core.logging.XmlKeywordLogger</class>
  <method>startKeyword</method>
  <thread>1</thread>
  <message>Start action : println(evidenceCode)</message>
  <nestedLevel>1</nestedLevel>
  <property name="startLine">19</property>
  <property name="stepIndex">6</property>
</record>
<record>
  <date>2019-09-12T12:04:37</date>
  <millis>1568264677693</millis>
  <sequence>29</sequence>
  <level>END</level>
  <class>com.kms.katalon.core.logging.XmlKeywordLogger</class>
  <method>endKeyword</method>
  <thread>1</thread>
  <message>End action : println(evidenceCode)</message>
  <nestedLevel>1</nestedLevel>
</record>
<record>
  <date>2019-09-12T12:04:37</date>
  <millis>1568264677693</millis>
  <sequence>30</sequence>
  <level>START</level>
  <class>com.kms.katalon.core.logging.XmlKeywordLogger</class>
  <method>startKeyword</method>
  <thread>1</thread>
  <message>Start action : actual = description == expectedDescription</message>
  <nestedLevel>1</nestedLevel>
  <property name="startLine">21</property>
  <property name="stepIndex">7</property>
</record>
<record>
  <date>2019-09-12T12:04:37</date>
  <millis>1568264677701</millis>
  <sequence>31</sequence>
  <level>END</level>
  <class>com.kms.katalon.core.logging.XmlKeywordLogger</class>
  <method>endKeyword</method>
  <thread>1</thread>
  <message>End action : actual = description == expectedDescription</message>
  <nestedLevel>1</nestedLevel>
</record>
<record>
  <date>2019-09-12T12:04:37</date>
  <millis>1568264677701</millis>
  <sequence>32</sequence>
  <level>START</level>
  <class>com.kms.katalon.core.logging.XmlKeywordLogger</class>
  <method>startKeyword</method>
  <thread>1</thread>
  <message>Start action : println(actual)</message>
  <nestedLevel>1</nestedLevel>
  <property name="startLine">25</property>
  <property name="stepIndex">8</property>
</record>
<record>
  <date>2019-09-12T12:04:37</date>
  <millis>1568264677704</millis>
  <sequence>33</sequence>
  <level>END</level>
  <class>com.kms.katalon.core.logging.XmlKeywordLogger</class>
  <method>endKeyword</method>
  <thread>1</thread>
  <message>End action : println(actual)</message>
  <nestedLevel>1</nestedLevel>
</record>
<record>
  <date>2019-09-12T12:04:37</date>
  <millis>1568264677704</millis>
  <sequence>34</sequence>
  <level>START</level>
  <class>com.kms.katalon.core.logging.XmlKeywordLogger</class>
  <method>startKeyword</method>
  <thread>1</thread>
  <message>Start action : verifyEqual(actual, true)</message>
  <nestedLevel>1</nestedLevel>
  <property name="startLine">26</property>
  <property name="stepIndex">9</property>
</record>
<record>
  <date>2019-09-12T12:04:37</date>
  <millis>1568264677776</millis>
  <sequence>36</sequence>
  <level>PASSED</level>
  <class>com.kms.katalon.core.logging.XmlKeywordLogger</class>
  <method>logMessage</method>
  <thread>1</thread>
  <message>Actual object &amp;apos;true&amp;apos; and expected object &amp;apos;true&amp;apos; are equal</message>
  <nestedLevel>1</nestedLevel>
</record>
<record>
  <date>2019-09-12T12:04:37</date>
  <millis>1568264677777</millis>
  <sequence>37</sequence>
  <level>END</level>
  <class>com.kms.katalon.core.logging.XmlKeywordLogger</class>
  <method>endKeyword</method>
  <thread>1</thread>
  <message>End action : verifyEqual(actual, true)</message>
  <nestedLevel>1</nestedLevel>
</record>
<record>
  <date>2019-09-12T12:04:37</date>
  <millis>1568264677778</millis>
  <sequence>38</sequence>
  <level>START</level>
  <class>com.kms.katalon.core.logging.XmlKeywordLogger</class>
  <method>startKeyword</method>
  <thread>1</thread>
  <message>Start action : verifyResponseStatusCode(response, 200)</message>
  <nestedLevel>1</nestedLevel>
  <property name="startLine">28</property>
  <property name="stepIndex">10</property>
</record>
<record>
  <date>2019-09-12T12:04:37</date>
  <millis>1568264677804</millis>
  <sequence>40</sequence>
  <level>PASSED</level>
  <class>com.kms.katalon.core.logging.XmlKeywordLogger</class>
  <method>logMessage</method>
  <thread>1</thread>
  <message>Verify response status code successfully</message>
  <nestedLevel>1</nestedLevel>
</record>
<record>
  <date>2019-09-12T12:04:37</date>
  <millis>1568264677807</millis>
  <sequence>41</sequence>
  <level>END</level>
  <class>com.kms.katalon.core.logging.XmlKeywordLogger</class>
  <method>endKeyword</method>
  <thread>1</thread>
  <message>End action : verifyResponseStatusCode(response, 200)</message>
  <nestedLevel>1</nestedLevel>
</record>
<record>
  <date>2019-09-12T12:04:37</date>
  <millis>1568264677808</millis>
  <sequence>42</sequence>
  <level>PASSED</level>
  <class>com.kms.katalon.core.logging.XmlKeywordLogger</class>
  <method>logMessage</method>
  <thread>1</thread>
  <message>Test Cases/AlterationScoringNBMajor/Entry Age Procedure 2/Entry Age Procedure 2</message>
  <nestedLevel>1</nestedLevel>
</record>
<record>
  <date>2019-09-12T12:04:37</date>
  <millis>1568264677809</millis>
  <sequence>43</sequence>
  <level>END</level>
  <class>com.kms.katalon.core.logging.XmlKeywordLogger</class>
  <method>endTest</method>
  <thread>1</thread>
  <message>End Test Case : Test Cases/AlterationScoringNBMajor/Entry Age Procedure 2/Entry Age Procedure 2</message>
  <nestedLevel>0</nestedLevel>
</record>
<record>
  <date>2019-09-12T12:04:37</date>
  <millis>1568264677822</millis>
  <sequence>44</sequence>
  <level>START</level>
  <class>com.kms.katalon.core.logging.XmlKeywordLogger</class>
  <method>startTest</method>
  <thread>1</thread>
  <message>Start Test Case : Test Cases/AlterationScoringNBMajor/Entry Age Procedure 2/Entry Age Procedure 2</message>
  <nestedLevel>1</nestedLevel>
  <property name="name">Test Cases/AlterationScoringNBMajor/Entry Age Procedure 2/Entry Age Procedure 2</property>
  <property name="description"></property>
  <property name="id">Test Cases/AlterationScoringNBMajor/Entry Age Procedure 2/Entry Age Procedure 2</property>
  <property name="source">C:\\SURYAPURBA\\PHS\\PHS-BRMS\\Test Cases\\AlterationScoringNBMajor\\Entry Age Procedure 2\\Entry Age Procedure 2.tc</property>
  <property name="tag"></property>
  <property name="isOptional">false</property>
</record>
<record>
  <date>2019-09-12T12:04:37</date>
  <millis>1568264677846</millis>
  <sequence>46</sequence>
  <level>INFO</level>
  <class>com.kms.katalon.core.logging.XmlKeywordLogger</class>
  <method>logMessage</method>
  <thread>1</thread>
  <message>transactionType = Major</message>
  <nestedLevel>1</nestedLevel>
</record>
<record>
  <date>2019-09-12T12:04:37</date>
  <millis>1568264677847</millis>
  <sequence>47</sequence>
  <level>INFO</level>
  <class>com.kms.katalon.core.logging.XmlKeywordLogger</class>
  <method>logMessage</method>
  <thread>1</thread>
  <message>productCode = U1T</message>
  <nestedLevel>1</nestedLevel>
</record>
<record>
  <date>2019-09-12T12:04:37</date>
  <millis>1568264677847</millis>
  <sequence>48</sequence>
  <level>INFO</level>
  <class>com.kms.katalon.core.logging.XmlKeywordLogger</class>
  <method>logMessage</method>
  <thread>1</thread>
  <message>role = LA1</message>
  <nestedLevel>1</nestedLevel>
</record>
<record>
  <date>2019-09-12T12:04:37</date>
  <millis>1568264677847</millis>
  <sequence>49</sequence>
  <level>INFO</level>
  <class>com.kms.katalon.core.logging.XmlKeywordLogger</class>
  <method>logMessage</method>
  <thread>1</thread>
  <message>age = 366</message>
  <nestedLevel>1</nestedLevel>
</record>
<record>
  <date>2019-09-12T12:04:37</date>
  <millis>1568264677848</millis>
  <sequence>50</sequence>
  <level>INFO</level>
  <class>com.kms.katalon.core.logging.XmlKeywordLogger</class>
  <method>logMessage</method>
  <thread>1</thread>
  <message>weight = 2499</message>
  <nestedLevel>1</nestedLevel>
</record>
<record>
  <date>2019-09-12T12:04:37</date>
  <millis>1568264677848</millis>
  <sequence>51</sequence>
  <level>INFO</level>
  <class>com.kms.katalon.core.logging.XmlKeywordLogger</class>
  <method>logMessage</method>
  <thread>1</thread>
  <message>expectedEviCode = CBB</message>
  <nestedLevel>1</nestedLevel>
</record>
<record>
  <date>2019-09-12T12:04:37</date>
  <millis>1568264677849</millis>
  <sequence>52</sequence>
  <level>INFO</level>
  <class>com.kms.katalon.core.logging.XmlKeywordLogger</class>
  <method>logMessage</method>
  <thread>1</thread>
  <message>expectedDescription = Usia 12 \u2013 24 bulan dengan BBLR &amp;lt;2500gr - Entry Age Procedure 2</message>
  <nestedLevel>1</nestedLevel>
</record>
<record>
  <date>2019-09-12T12:04:37</date>
  <millis>1568264677853</millis>
  <sequence>53</sequence>
  <level>START</level>
  <class>com.kms.katalon.core.logging.XmlKeywordLogger</class>
  <method>startKeyword</method>
  <thread>1</thread>
  <message>Start action : response = sendRequest(findTestObject(\&amp;quot;AlterationScroingNBMajor/Entry Age Procedure 2/Version 1.0_Check_1.391/Object Request\&amp;quot;, [\&amp;quot;transactionType\&amp;quot;:transactionType, \&amp;quot;productCode\&amp;quot;:productCode, \&amp;quot;role\&amp;quot;:role, \&amp;quot;age\&amp;quot;:age, \&amp;quot;weight\&amp;quot;:weight]))</message>
  <nestedLevel>1</nestedLevel>
  <property name="startLine">8</property>
  <property name="stepIndex">1</property>
</record>
<record>
  <date>2019-09-12T12:04:37</date>
  <millis>1568264677959</millis>
  <sequence>56</sequence>
  <level>INFO</level>
  <class>com.kms.katalon.core.logging.XmlKeywordLogger</class>
  <method>logMessage</method>
  <thread>1</thread>
  <message>HAR: C:\\SURYAPURBA\\PHS\\PHS-BRMS\\Reports\\AlterationScoringNBMajor\\Entry Age Procedure 2\\20190912_120430\\requests\\main\\1.har</message>
  <nestedLevel>1</nestedLevel>
  <property name="harId">22488b55-70b3-421d-b598-623f2114a185</property>
</record>
<record>
  <date>2019-09-12T12:04:37</date>
  <millis>1568264677970</millis>
  <sequence>57</sequence>
  <level>PASSED</level>
  <class>com.kms.katalon.core.logging.XmlKeywordLogger</class>
  <method>logMessage</method>
  <thread>1</thread>
  <message>Send request successfully</message>
  <nestedLevel>1</nestedLevel>
</record>
<record>
  <date>2019-09-12T12:04:37</date>
  <millis>1568264677973</millis>
  <sequence>58</sequence>
  <level>END</level>
  <class>com.kms.katalon.core.logging.XmlKeywordLogger</class>
  <method>endKeyword</method>
  <thread>1</thread>
  <message>End action : response = sendRequest(findTestObject(\&amp;quot;AlterationScroingNBMajor/Entry Age Procedure 2/Version 1.0_Check_1.391/Object Request\&amp;quot;, [\&amp;quot;transactionType\&amp;quot;:transactionType, \&amp;quot;productCode\&amp;quot;:productCode, \&amp;quot;role\&amp;quot;:role, \&amp;quot;age\&amp;quot;:age, \&amp;quot;weight\&amp;quot;:weight]))</message>
  <nestedLevel>1</nestedLevel>
</record>
<record>
  <date>2019-09-12T12:04:37</date>
  <millis>1568264677974</millis>
  <sequence>59</sequence>
  <level>START</level>
  <class>com.kms.katalon.core.logging.XmlKeywordLogger</class>
  <method>startKeyword</method>
  <thread>1</thread>
  <message>Start action : slurper = new groovy.json.JsonSlurper()</message>
  <nestedLevel>1</nestedLevel>
  <property name="startLine">11</property>
  <property name="stepIndex">2</property>
</record>
<record>
  <date>2019-09-12T12:04:37</date>
  <millis>1568264677976</millis>
  <sequence>60</sequence>
  <level>END</level>
  <class>com.kms.katalon.core.logging.XmlKeywordLogger</class>
  <method>endKeyword</method>
  <thread>1</thread>
  <message>End action : slurper = new groovy.json.JsonSlurper()</message>
  <nestedLevel>1</nestedLevel>
</record>
<record>
  <date>2019-09-12T12:04:37</date>
  <millis>1568264677977</millis>
  <sequence>61</sequence>
  <level>START</level>
  <class>com.kms.katalon.core.logging.XmlKeywordLogger</class>
  <method>startKeyword</method>
  <thread>1</thread>
  <message>Start action : parsingResponse = slurper.parseText(response.getResponseText())</message>
  <nestedLevel>1</nestedLevel>
  <property name="startLine">13</property>
  <property name="stepIndex">3</property>
</record>
<record>
  <date>2019-09-12T12:04:37</date>
  <millis>1568264677980</millis>
  <sequence>62</sequence>
  <level>END</level>
  <class>com.kms.katalon.core.logging.XmlKeywordLogger</class>
  <method>endKeyword</method>
  <thread>1</thread>
  <message>End action : parsingResponse = slurper.parseText(response.getResponseText())</message>
  <nestedLevel>1</nestedLevel>
</record>
<record>
  <date>2019-09-12T12:04:37</date>
  <millis>1568264677980</millis>
  <sequence>63</sequence>
  <level>START</level>
  <class>com.kms.katalon.core.logging.XmlKeywordLogger</class>
  <method>startKeyword</method>
  <thread>1</thread>
  <message>Start action : println(parsingResponse)</message>
  <nestedLevel>1</nestedLevel>
  <property name="startLine">15</property>
  <property name="stepIndex">4</property>
</record>
<record>
  <date>2019-09-12T12:04:37</date>
  <millis>1568264677987</millis>
  <sequence>64</sequence>
  <level>END</level>
  <class>com.kms.katalon.core.logging.XmlKeywordLogger</class>
  <method>endKeyword</method>
  <thread>1</thread>
  <message>End action : println(parsingResponse)</message>
  <nestedLevel>1</nestedLevel>
</record>
<record>
  <date>2019-09-12T12:04:37</date>
  <millis>1568264677987</millis>
  <sequence>65</sequence>
  <level>START</level>
  <class>com.kms.katalon.core.logging.XmlKeywordLogger</class>
  <method>startKeyword</method>
  <thread>1</thread>
  <message>Start action : evidenceCode = evidenceCode</message>
  <nestedLevel>1</nestedLevel>
  <property name="startLine">17</property>
  <property name="stepIndex">5</property>
</record>
<record>
  <date>2019-09-12T12:04:37</date>
  <millis>1568264677997</millis>
  <sequence>66</sequence>
  <level>END</level>
  <class>com.kms.katalon.core.logging.XmlKeywordLogger</class>
  <method>endKeyword</method>
  <thread>1</thread>
  <message>End action : evidenceCode = evidenceCode</message>
  <nestedLevel>1</nestedLevel>
</record>
<record>
  <date>2019-09-12T12:04:37</date>
  <millis>1568264677997</millis>
  <sequence>67</sequence>
  <level>START</level>
  <class>com.kms.katalon.core.logging.XmlKeywordLogger</class>
  <method>startKeyword</method>
  <thread>1</thread>
  <message>Start action : println(evidenceCode)</message>
  <nestedLevel>1</nestedLevel>
  <property name="startLine">19</property>
  <property name="stepIndex">6</property>
</record>
<record>
  <date>2019-09-12T12:04:37</date>
  <millis>1568264677999</millis>
  <sequence>68</sequence>
  <level>END</level>
  <class>com.kms.katalon.core.logging.XmlKeywordLogger</class>
  <method>endKeyword</method>
  <thread>1</thread>
  <message>End action : println(evidenceCode)</message>
  <nestedLevel>1</nestedLevel>
</record>
<record>
  <date>2019-09-12T12:04:37</date>
  <millis>1568264677999</millis>
  <sequence>69</sequence>
  <level>START</level>
  <class>com.kms.katalon.core.logging.XmlKeywordLogger</class>
  <method>startKeyword</method>
  <thread>1</thread>
  <message>Start action : actual = description == expectedDescription</message>
  <nestedLevel>1</nestedLevel>
  <property name="startLine">21</property>
  <property name="stepIndex">7</property>
</record>
<record>
  <date>2019-09-12T12:04:38</date>
  <millis>1568264678000</millis>
  <sequence>70</sequence>
  <level>END</level>
  <class>com.kms.katalon.core.logging.XmlKeywordLogger</class>
  <method>endKeyword</method>
  <thread>1</thread>
  <message>End action : actual = description == expectedDescription</message>
  <nestedLevel>1</nestedLevel>
</record>
<record>
  <date>2019-09-12T12:04:38</date>
  <millis>1568264678001</millis>
  <sequence>71</sequence>
  <level>START</level>
  <class>com.kms.katalon.core.logging.XmlKeywordLogger</class>
  <method>startKeyword</method>
  <thread>1</thread>
  <message>Start action : println(actual)</message>
  <nestedLevel>1</nestedLevel>
  <property name="startLine">25</property>
  <property name="stepIndex">8</property>
</record>
<record>
  <date>2019-09-12T12:04:38</date>
  <millis>1568264678146</millis>
  <sequence>72</sequence>
  <level>END</level>
  <class>com.kms.katalon.core.logging.XmlKeywordLogger</class>
  <method>endKeyword</method>
  <thread>1</thread>
  <message>End action : println(actual)</message>
  <nestedLevel>1</nestedLevel>
</record>
<record>
  <date>2019-09-12T12:04:38</date>
  <millis>1568264678147</millis>
  <sequence>73</sequence>
  <level>START</level>
  <class>com.kms.katalon.core.logging.XmlKeywordLogger</class>
  <method>startKeyword</method>
  <thread>1</thread>
  <message>Start action : verifyEqual(actual, true)</message>
  <nestedLevel>1</nestedLevel>
  <property name="startLine">26</property>
  <property name="stepIndex">9</property>
</record>
<record>
  <date>2019-09-12T12:04:38</date>
  <millis>1568264678161</millis>
  <sequence>75</sequence>
  <level>PASSED</level>
  <class>com.kms.katalon.core.logging.XmlKeywordLogger</class>
  <method>logMessage</method>
  <thread>1</thread>
  <message>Actual object &amp;apos;true&amp;apos; and expected object &amp;apos;true&amp;apos; are equal</message>
  <nestedLevel>1</nestedLevel>
</record>
<record>
  <date>2019-09-12T12:04:38</date>
  <millis>1568264678163</millis>
  <sequence>76</sequence>
  <level>END</level>
  <class>com.kms.katalon.core.logging.XmlKeywordLogger</class>
  <method>endKeyword</method>
  <thread>1</thread>
  <message>End action : verifyEqual(actual, true)</message>
  <nestedLevel>1</nestedLevel>
</record>
<record>
  <date>2019-09-12T12:04:38</date>
  <millis>1568264678163</millis>
  <sequence>77</sequence>
  <level>START</level>
  <class>com.kms.katalon.core.logging.XmlKeywordLogger</class>
  <method>startKeyword</method>
  <thread>1</thread>
  <message>Start action : verifyResponseStatusCode(response, 200)</message>
  <nestedLevel>1</nestedLevel>
  <property name="startLine">28</property>
  <property name="stepIndex">10</property>
</record>
<record>
  <date>2019-09-12T12:04:38</date>
  <millis>1568264678169</millis>
  <sequence>79</sequence>
  <level>PASSED</level>
  <class>com.kms.katalon.core.logging.XmlKeywordLogger</class>
  <method>logMessage</method>
  <thread>1</thread>
  <message>Verify response status code successfully</message>
  <nestedLevel>1</nestedLevel>
</record>
<record>
  <date>2019-09-12T12:04:38</date>
  <millis>1568264678170</millis>
  <sequence>80</sequence>
  <level>END</level>
  <class>com.kms.katalon.core.logging.XmlKeywordLogger</class>
  <method>endKeyword</method>
  <thread>1</thread>
  <message>End action : verifyResponseStatusCode(response, 200)</message>
  <nestedLevel>1</nestedLevel>
</record>
<record>
  <date>2019-09-12T12:04:38</date>
  <millis>1568264678170</millis>
  <sequence>81</sequence>
  <level>PASSED</level>
  <class>com.kms.katalon.core.logging.XmlKeywordLogger</class>
  <method>logMessage</method>
  <thread>1</thread>
  <message>Test Cases/AlterationScoringNBMajor/Entry Age Procedure 2/Entry Age Procedure 2</message>
  <nestedLevel>1</nestedLevel>
</record>
<record>
  <date>2019-09-12T12:04:38</date>
  <millis>1568264678171</millis>
  <sequence>82</sequence>
  <level>END</level>
  <class>com.kms.katalon.core.logging.XmlKeywordLogger</class>
  <method>endTest</method>
  <thread>1</thread>
  <message>End Test Case : Test Cases/AlterationScoringNBMajor/Entry Age Procedure 2/Entry Age Procedure 2</message>
  <nestedLevel>0</nestedLevel>
</record>
<record>
  <date>2019-09-12T12:04:38</date>
  <millis>1568264678195</millis>
  <sequence>83</sequence>
  <level>START</level>
  <class>com.kms.katalon.core.logging.XmlKeywordLogger</class>
  <method>startTest</method>
  <thread>1</thread>
  <message>Start Test Case : Test Cases/AlterationScoringNBMajor/Entry Age Procedure 2/Entry Age Procedure 2</message>
  <nestedLevel>1</nestedLevel>
  <property name="name">Test Cases/AlterationScoringNBMajor/Entry Age Procedure 2/Entry Age Procedure 2</property>
  <property name="description"></property>
  <property name="id">Test Cases/AlterationScoringNBMajor/Entry Age Procedure 2/Entry Age Procedure 2</property>
  <property name="source">C:\\SURYAPURBA\\PHS\\PHS-BRMS\\Test Cases\\AlterationScoringNBMajor\\Entry Age Procedure 2\\Entry Age Procedure 2.tc</property>
  <property name="tag"></property>
  <property name="isOptional">false</property>
</record>
<record>
  <date>2019-09-12T12:04:38</date>
  <millis>1568264678207</millis>
  <sequence>85</sequence>
  <level>INFO</level>
  <class>com.kms.katalon.core.logging.XmlKeywordLogger</class>
  <method>logMessage</method>
  <thread>1</thread>
  <message>transactionType = Major</message>
  <nestedLevel>1</nestedLevel>
</record>
<record>
  <date>2019-09-12T12:04:38</date>
  <millis>1568264678207</millis>
  <sequence>86</sequence>
  <level>INFO</level>
  <class>com.kms.katalon.core.logging.XmlKeywordLogger</class>
  <method>logMessage</method>
  <thread>1</thread>
  <message>productCode = U1T</message>
  <nestedLevel>1</nestedLevel>
</record>
<record>
  <date>2019-09-12T12:04:38</date>
  <millis>1568264678208</millis>
  <sequence>87</sequence>
  <level>INFO</level>
  <class>com.kms.katalon.core.logging.XmlKeywordLogger</class>
  <method>logMessage</method>
  <thread>1</thread>
  <message>role = LA1</message>
  <nestedLevel>1</nestedLevel>
</record>
<record>
  <date>2019-09-12T12:04:38</date>
  <millis>1568264678208</millis>
  <sequence>88</sequence>
  <level>INFO</level>
  <class>com.kms.katalon.core.logging.XmlKeywordLogger</class>
  <method>logMessage</method>
  <thread>1</thread>
  <message>age = 741</message>
  <nestedLevel>1</nestedLevel>
</record>
<record>
  <date>2019-09-12T12:04:38</date>
  <millis>1568264678209</millis>
  <sequence>89</sequence>
  <level>INFO</level>
  <class>com.kms.katalon.core.logging.XmlKeywordLogger</class>
  <method>logMessage</method>
  <thread>1</thread>
  <message>weight = 2499</message>
  <nestedLevel>1</nestedLevel>
</record>
<record>
  <date>2019-09-12T12:04:38</date>
  <millis>1568264678209</millis>
  <sequence>90</sequence>
  <level>INFO</level>
  <class>com.kms.katalon.core.logging.XmlKeywordLogger</class>
  <method>logMessage</method>
  <thread>1</thread>
  <message>expectedEviCode = </message>
  <nestedLevel>1</nestedLevel>
</record>
<record>
  <date>2019-09-12T12:04:38</date>
  <millis>1568264678210</millis>
  <sequence>91</sequence>
  <level>INFO</level>
  <class>com.kms.katalon.core.logging.XmlKeywordLogger</class>
  <method>logMessage</method>
  <thread>1</thread>
  <message>expectedDescription = </message>
  <nestedLevel>1</nestedLevel>
</record>
<record>
  <date>2019-09-12T12:04:38</date>
  <millis>1568264678213</millis>
  <sequence>92</sequence>
  <level>START</level>
  <class>com.kms.katalon.core.logging.XmlKeywordLogger</class>
  <method>startKeyword</method>
  <thread>1</thread>
  <message>Start action : response = sendRequest(findTestObject(\&amp;quot;AlterationScroingNBMajor/Entry Age Procedure 2/Version 1.0_Check_1.391/Object Request\&amp;quot;, [\&amp;quot;transactionType\&amp;quot;:transactionType, \&amp;quot;productCode\&amp;quot;:productCode, \&amp;quot;role\&amp;quot;:role, \&amp;quot;age\&amp;quot;:age, \&amp;quot;weight\&amp;quot;:weight]))</message>
  <nestedLevel>1</nestedLevel>
  <property name="startLine">8</property>
  <property name="stepIndex">1</property>
</record>
<record>
  <date>2019-09-12T12:04:38</date>
  <millis>1568264678327</millis>
  <sequence>95</sequence>
  <level>INFO</level>
  <class>com.kms.katalon.core.logging.XmlKeywordLogger</class>
  <method>logMessage</method>
  <thread>1</thread>
  <message>HAR: C:\\SURYAPURBA\\PHS\\PHS-BRMS\\Reports\\AlterationScoringNBMajor\\Entry Age Procedure 2\\20190912_120430\\requests\\main\\2.har</message>
  <nestedLevel>1</nestedLevel>
  <property name="harId">cfc168e3-36f9-40b6-aae1-370870f4e1c3</property>
</record>
<record>
  <date>2019-09-12T12:04:38</date>
  <millis>1568264678333</millis>
  <sequence>96</sequence>
  <level>PASSED</level>
  <class>com.kms.katalon.core.logging.XmlKeywordLogger</class>
  <method>logMessage</method>
  <thread>1</thread>
  <message>Send request successfully</message>
  <nestedLevel>1</nestedLevel>
</record>
<record>
  <date>2019-09-12T12:04:38</date>
  <millis>1568264678364</millis>
  <sequence>97</sequence>
  <level>END</level>
  <class>com.kms.katalon.core.logging.XmlKeywordLogger</class>
  <method>endKeyword</method>
  <thread>1</thread>
  <message>End action : response = sendRequest(findTestObject(\&amp;quot;AlterationScroingNBMajor/Entry Age Procedure 2/Version 1.0_Check_1.391/Object Request\&amp;quot;, [\&amp;quot;transactionType\&amp;quot;:transactionType, \&amp;quot;productCode\&amp;quot;:productCode, \&amp;quot;role\&amp;quot;:role, \&amp;quot;age\&amp;quot;:age, \&amp;quot;weight\&amp;quot;:weight]))</message>
  <nestedLevel>1</nestedLevel>
</record>
<record>
  <date>2019-09-12T12:04:38</date>
  <millis>1568264678364</millis>
  <sequence>98</sequence>
  <level>START</level>
  <class>com.kms.katalon.core.logging.XmlKeywordLogger</class>
  <method>startKeyword</method>
  <thread>1</thread>
  <message>Start action : slurper = new groovy.json.JsonSlurper()</message>
  <nestedLevel>1</nestedLevel>
  <property name="startLine">11</property>
  <property name="stepIndex">2</property>
</record>
<record>
  <date>2019-09-12T12:04:38</date>
  <millis>1568264678365</millis>
  <sequence>99</sequence>
  <level>END</level>
  <class>com.kms.katalon.core.logging.XmlKeywordLogger</class>
  <method>endKeyword</method>
  <thread>1</thread>
  <message>End action : slurper = new groovy.json.JsonSlurper()</message>
  <nestedLevel>1</nestedLevel>
</record>
<record>
  <date>2019-09-12T12:04:38</date>
  <millis>1568264678366</millis>
  <sequence>100</sequence>
  <level>START</level>
  <class>com.kms.katalon.core.logging.XmlKeywordLogger</class>
  <method>startKeyword</method>
  <thread>1</thread>
  <message>Start action : parsingResponse = slurper.parseText(response.getResponseText())</message>
  <nestedLevel>1</nestedLevel>
  <property name="startLine">13</property>
  <property name="stepIndex">3</property>
</record>
<record>
  <date>2019-09-12T12:04:38</date>
  <millis>1568264678369</millis>
  <sequence>101</sequence>
  <level>END</level>
  <class>com.kms.katalon.core.logging.XmlKeywordLogger</class>
  <method>endKeyword</method>
  <thread>1</thread>
  <message>End action : parsingResponse = slurper.parseText(response.getResponseText())</message>
  <nestedLevel>1</nestedLevel>
</record>
<record>
  <date>2019-09-12T12:04:38</date>
  <millis>1568264678369</millis>
  <sequence>102</sequence>
  <level>START</level>
  <class>com.kms.katalon.core.logging.XmlKeywordLogger</class>
  <method>startKeyword</method>
  <thread>1</thread>
  <message>Start action : println(parsingResponse)</message>
  <nestedLevel>1</nestedLevel>
  <property name="startLine">15</property>
  <property name="stepIndex">4</property>
</record>
<record>
  <date>2019-09-12T12:04:38</date>
  <millis>1568264678405</millis>
  <sequence>103</sequence>
  <level>END</level>
  <class>com.kms.katalon.core.logging.XmlKeywordLogger</class>
  <method>endKeyword</method>
  <thread>1</thread>
  <message>End action : println(parsingResponse)</message>
  <nestedLevel>1</nestedLevel>
</record>
<record>
  <date>2019-09-12T12:04:38</date>
  <millis>1568264678406</millis>
  <sequence>104</sequence>
  <level>START</level>
  <class>com.kms.katalon.core.logging.XmlKeywordLogger</class>
  <method>startKeyword</method>
  <thread>1</thread>
  <message>Start action : evidenceCode = evidenceCode</message>
  <nestedLevel>1</nestedLevel>
  <property name="startLine">17</property>
  <property name="stepIndex">5</property>
</record>
<record>
  <date>2019-09-12T12:04:38</date>
  <millis>1568264678407</millis>
  <sequence>105</sequence>
  <level>END</level>
  <class>com.kms.katalon.core.logging.XmlKeywordLogger</class>
  <method>endKeyword</method>
  <thread>1</thread>
  <message>End action : evidenceCode = evidenceCode</message>
  <nestedLevel>1</nestedLevel>
</record>
<record>
  <date>2019-09-12T12:04:38</date>
  <millis>1568264678408</millis>
  <sequence>106</sequence>
  <level>START</level>
  <class>com.kms.katalon.core.logging.XmlKeywordLogger</class>
  <method>startKeyword</method>
  <thread>1</thread>
  <message>Start action : println(evidenceCode)</message>
  <nestedLevel>1</nestedLevel>
  <property name="startLine">19</property>
  <property name="stepIndex">6</property>
</record>
<record>
  <date>2019-09-12T12:04:38</date>
  <millis>1568264678468</millis>
  <sequence>107</sequence>
  <level>END</level>
  <class>com.kms.katalon.core.logging.XmlKeywordLogger</class>
  <method>endKeyword</method>
  <thread>1</thread>
  <message>End action : println(evidenceCode)</message>
  <nestedLevel>1</nestedLevel>
</record>
<record>
  <date>2019-09-12T12:04:38</date>
  <millis>1568264678468</millis>
  <sequence>108</sequence>
  <level>START</level>
  <class>com.kms.katalon.core.logging.XmlKeywordLogger</class>
  <method>startKeyword</method>
  <thread>1</thread>
  <message>Start action : actual = description == expectedDescription</message>
  <nestedLevel>1</nestedLevel>
  <property name="startLine">21</property>
  <property name="stepIndex">7</property>
</record>
<record>
  <date>2019-09-12T12:04:38</date>
  <millis>1568264678471</millis>
  <sequence>109</sequence>
  <level>END</level>
  <class>com.kms.katalon.core.logging.XmlKeywordLogger</class>
  <method>endKeyword</method>
  <thread>1</thread>
  <message>End action : actual = description == expectedDescription</message>
  <nestedLevel>1</nestedLevel>
</record>
<record>
  <date>2019-09-12T12:04:38</date>
  <millis>1568264678491</millis>
  <sequence>111</sequence>
  <level>ERROR</level>
  <class>com.kms.katalon.core.logging.XmlKeywordLogger</class>
  <method>logMessage</method>
  <thread>1</thread>
  <message>Test Cases/AlterationScoringNBMajor/Entry Age Procedure 2/Entry Age Procedure 2 FAILED.\nReason:\njava.lang.NullPointerException: Cannot get property &amp;apos;description&amp;apos; on null object\r\n\tat Entry Age Procedure 2.run(Entry Age Procedure 2:21)\r\n\tat com.kms.katalon.core.main.ScriptEngine.run(ScriptEngine.java:194)\r\n\tat com.kms.katalon.core.main.ScriptEngine.runScriptAsRawText(ScriptEngine.java:119)\r\n\tat com.kms.katalon.core.main.TestCaseExecutor.runScript(TestCaseExecutor.java:337)\r\n\tat com.kms.katalon.core.main.TestCaseExecutor.doExecute(TestCaseExecutor.java:328)\r\n\tat com.kms.katalon.core.main.TestCaseExecutor.processExecutionPhase(TestCaseExecutor.java:307)\r\n\tat com.kms.katalon.core.main.TestCaseExecutor.accessMainPhase(TestCaseExecutor.java:299)\r\n\tat com.kms.katalon.core.main.TestCaseExecutor.execute(TestCaseExecutor.java:233)\r\n\tat com.kms.katalon.core.main.TestSuiteExecutor.accessTestCaseMainPhase(TestSuiteExecutor.java:133)\r\n\tat com.kms.katalon.core.main.TestSuiteExecutor.accessTestSuiteMainPhase(TestSuiteExecutor.java:116)\r\n\tat com.kms.katalon.core.main.TestSuiteExecutor.execute(TestSuiteExecutor.java:83)\r\n\tat com.kms.katalon.core.main.TestCaseMain.startTestSuite(TestCaseMain.java:157)\r\n\tat com.kms.katalon.core.main.TestCaseMain$startTestSuite$0.call(Unknown Source)\r\n\tat TempTestSuite1568264670083.run(TempTestSuite1568264670083.groovy:35)\r\n</message>
  <exception>
    <message>java.lang.NullPointerException: Cannot get property 'description' on null object</message>
    <frame>
      <class>Entry Age Procedure 2</class>
      <method>run</method>
      <line>21</line>
    </frame>
    <frame>
      <class>com.kms.katalon.core.main.ScriptEngine</class>
      <method>run</method>
      <line>194</line>
    </frame>
    <frame>
      <class>com.kms.katalon.core.main.ScriptEngine</class>
      <method>runScriptAsRawText</method>
      <line>119</line>
    </frame>
    <frame>
      <class>com.kms.katalon.core.main.TestCaseExecutor</class>
      <method>runScript</method>
      <line>337</line>
    </frame>
    <frame>
      <class>com.kms.katalon.core.main.TestCaseExecutor</class>
      <method>doExecute</method>
      <line>328</line>
    </frame>
    <frame>
      <class>com.kms.katalon.core.main.TestCaseExecutor</class>
      <method>processExecutionPhase</method>
      <line>307</line>
    </frame>
    <frame>
      <class>com.kms.katalon.core.main.TestCaseExecutor</class>
      <method>accessMainPhase</method>
      <line>299</line>
    </frame>
    <frame>
      <class>com.kms.katalon.core.main.TestCaseExecutor</class>
      <method>execute</method>
      <line>233</line>
    </frame>
    <frame>
      <class>com.kms.katalon.core.main.TestSuiteExecutor</class>
      <method>accessTestCaseMainPhase</method>
      <line>133</line>
    </frame>
    <frame>
      <class>com.kms.katalon.core.main.TestSuiteExecutor</class>
      <method>accessTestSuiteMainPhase</method>
      <line>116</line>
    </frame>
    <frame>
      <class>com.kms.katalon.core.main.TestSuiteExecutor</class>
      <method>execute</method>
      <line>83</line>
    </frame>
    <frame>
      <class>com.kms.katalon.core.main.TestCaseMain</class>
      <method>startTestSuite</method>
      <line>157</line>
    </frame>
    <frame>
      <class>com.kms.katalon.core.main.TestCaseMain$startTestSuite$0</class>
      <method>call</method>
    </frame>
    <frame>
      <class>TempTestSuite1568264670083</class>
      <method>run</method>
      <line>35</line>
    </frame>
  </exception>
  <nestedLevel>0</nestedLevel>
  <property name="failed.exception.stacktrace">java.lang.NullPointerException: Cannot get property &apos;description&apos; on null object\r\n\tat Entry Age Procedure 2.run(Entry Age Procedure 2:21)\r\n\tat com.kms.katalon.core.main.ScriptEngine.run(ScriptEngine.java:194)\r\n\tat com.kms.katalon.core.main.ScriptEngine.runScriptAsRawText(ScriptEngine.java:119)\r\n\tat com.kms.katalon.core.main.TestCaseExecutor.runScript(TestCaseExecutor.java:337)\r\n\tat com.kms.katalon.core.main.TestCaseExecutor.doExecute(TestCaseExecutor.java:328)\r\n\tat com.kms.katalon.core.main.TestCaseExecutor.processExecutionPhase(TestCaseExecutor.java:307)\r\n\tat com.kms.katalon.core.main.TestCaseExecutor.accessMainPhase(TestCaseExecutor.java:299)\r\n\tat com.kms.katalon.core.main.TestCaseExecutor.execute(TestCaseExecutor.java:233)\r\n\tat com.kms.katalon.core.main.TestSuiteExecutor.accessTestCaseMainPhase(TestSuiteExecutor.java:133)\r\n\tat com.kms.katalon.core.main.TestSuiteExecutor.accessTestSuiteMainPhase(TestSuiteExecutor.java:116)\r\n\tat com.kms.katalon.core.main.TestSuiteExecutor.execute(TestSuiteExecutor.java:83)\r\n\tat com.kms.katalon.core.main.TestCaseMain.startTestSuite(TestCaseMain.java:157)\r\n\tat com.kms.katalon.core.main.TestCaseMain$startTestSuite$0.call(Unknown Source)\r\n\tat TempTestSuite1568264670083.run(TempTestSuite1568264670083.groovy:35)\r\n</property>
  <property name="failed.exception.class">java.lang.NullPointerException</property>
  <property name="failed.exception.message">Cannot get property &apos;description&apos; on null object</property>
</record>
<record>
  <date>2019-09-12T12:04:38</date>
  <millis>1568264678496</millis>
  <sequence>113</sequence>
  <level>END</level>
  <class>com.kms.katalon.core.logging.XmlKeywordLogger</class>
  <method>endTest</method>
  <thread>1</thread>
  <message>End Test Case : Test Cases/AlterationScoringNBMajor/Entry Age Procedure 2/Entry Age Procedure 2</message>
  <nestedLevel>0</nestedLevel>
</record>
<record>
  <date>2019-09-12T12:04:39</date>
  <millis>1568264679141</millis>
  <sequence>114</sequence>
  <level>END</level>
  <class>com.kms.katalon.core.logging.XmlKeywordLogger</class>
  <method>endSuite</method>
  <thread>1</thread>
  <message>End Test Suite : Test Suites/AlterationScoringNBMajor/Entry Age Procedure 2</message>
  <nestedLevel>0</nestedLevel>
</record>
</log>
