<?xml version="1.0" encoding="UTF-8" standalone="no"?>
<!DOCTYPE log SYSTEM "logger.dtd">
<log>
<record>
  <date>2019-09-12T12:10:04</date>
  <millis>1568265004351</millis>
  <sequence>0</sequence>
  <level>START</level>
  <class>com.kms.katalon.core.logging.XmlKeywordLogger</class>
  <method>startSuite</method>
  <thread>1</thread>
  <message>Start Test Suite : Test Suites/AlterationScoringNBMajor/Entry Age Procedure 1</message>
  <nestedLevel>0</nestedLevel>
  <property name="name">Entry Age Procedure 1</property>
  <property name="description"></property>
  <property name="id">Test Suites/AlterationScoringNBMajor/Entry Age Procedure 1</property>
</record>
<record>
  <date>2019-09-12T12:10:04</date>
  <millis>1568265004392</millis>
  <sequence>1</sequence>
  <level>RUN_DATA</level>
  <class>com.kms.katalon.core.logging.XmlKeywordLogger</class>
  <method>logMessage</method>
  <thread>1</thread>
  <message>hostName = c19679 - LIDLIFE38B0WS.PRU.intranet.asia</message>
  <nestedLevel>0</nestedLevel>
  <property name="hostName">c19679 - LIDLIFE38B0WS.PRU.intranet.asia</property>
</record>
<record>
  <date>2019-09-12T12:10:04</date>
  <millis>1568265004394</millis>
  <sequence>2</sequence>
  <level>RUN_DATA</level>
  <class>com.kms.katalon.core.logging.XmlKeywordLogger</class>
  <method>logMessage</method>
  <thread>1</thread>
  <message>os = Windows 7 64bit</message>
  <nestedLevel>0</nestedLevel>
  <property name="os">Windows 7 64bit</property>
</record>
<record>
  <date>2019-09-12T12:10:04</date>
  <millis>1568265004399</millis>
  <sequence>3</sequence>
  <level>RUN_DATA</level>
  <class>com.kms.katalon.core.logging.XmlKeywordLogger</class>
  <method>logMessage</method>
  <thread>1</thread>
  <message>hostAddress = 10.170.236.40</message>
  <nestedLevel>0</nestedLevel>
  <property name="hostAddress">10.170.236.40</property>
</record>
<record>
  <date>2019-09-12T12:10:04</date>
  <millis>1568265004412</millis>
  <sequence>4</sequence>
  <level>RUN_DATA</level>
  <class>com.kms.katalon.core.logging.XmlKeywordLogger</class>
  <method>logMessage</method>
  <thread>1</thread>
  <message>katalonVersion = 6.2.2.4</message>
  <nestedLevel>0</nestedLevel>
  <property name="katalonVersion">6.2.2.4</property>
</record>
<record>
  <date>2019-09-12T12:10:04</date>
  <millis>1568265004875</millis>
  <sequence>5</sequence>
  <level>START</level>
  <class>com.kms.katalon.core.logging.XmlKeywordLogger</class>
  <method>startTest</method>
  <thread>1</thread>
  <message>Start Test Case : Test Cases/AlterationScoringNBMajor/Entry Age Procedure 1/Entry Age Procedure 1</message>
  <nestedLevel>1</nestedLevel>
  <property name="name">Test Cases/AlterationScoringNBMajor/Entry Age Procedure 1/Entry Age Procedure 1</property>
  <property name="description"></property>
  <property name="id">Test Cases/AlterationScoringNBMajor/Entry Age Procedure 1/Entry Age Procedure 1</property>
  <property name="source">C:\\SURYAPURBA\\PHS\\PHS-BRMS\\Test Cases\\AlterationScoringNBMajor\\Entry Age Procedure 1\\Entry Age Procedure 1.tc</property>
  <property name="tag"></property>
  <property name="isOptional">false</property>
</record>
<record>
  <date>2019-09-12T12:10:05</date>
  <millis>1568265005042</millis>
  <sequence>7</sequence>
  <level>INFO</level>
  <class>com.kms.katalon.core.logging.XmlKeywordLogger</class>
  <method>logMessage</method>
  <thread>1</thread>
  <message>(Default) transactionType = Major</message>
  <nestedLevel>1</nestedLevel>
</record>
<record>
  <date>2019-09-12T12:10:05</date>
  <millis>1568265005074</millis>
  <sequence>8</sequence>
  <level>INFO</level>
  <class>com.kms.katalon.core.logging.XmlKeywordLogger</class>
  <method>logMessage</method>
  <thread>1</thread>
  <message>(Default) productCode = U1T</message>
  <nestedLevel>1</nestedLevel>
</record>
<record>
  <date>2019-09-12T12:10:05</date>
  <millis>1568265005095</millis>
  <sequence>9</sequence>
  <level>INFO</level>
  <class>com.kms.katalon.core.logging.XmlKeywordLogger</class>
  <method>logMessage</method>
  <thread>1</thread>
  <message>(Default) role = LA1</message>
  <nestedLevel>1</nestedLevel>
</record>
<record>
  <date>2019-09-12T12:10:05</date>
  <millis>1568265005115</millis>
  <sequence>10</sequence>
  <level>INFO</level>
  <class>com.kms.katalon.core.logging.XmlKeywordLogger</class>
  <method>logMessage</method>
  <thread>1</thread>
  <message>(Default) age = 80</message>
  <nestedLevel>1</nestedLevel>
</record>
<record>
  <date>2019-09-12T12:10:05</date>
  <millis>1568265005127</millis>
  <sequence>11</sequence>
  <level>INFO</level>
  <class>com.kms.katalon.core.logging.XmlKeywordLogger</class>
  <method>logMessage</method>
  <thread>1</thread>
  <message>(Default) expectedEviCode = KKI</message>
  <nestedLevel>1</nestedLevel>
</record>
<record>
  <date>2019-09-12T12:10:05</date>
  <millis>1568265005140</millis>
  <sequence>12</sequence>
  <level>INFO</level>
  <class>com.kms.katalon.core.logging.XmlKeywordLogger</class>
  <method>logMessage</method>
  <thread>1</thread>
  <message>(Default) expectedDescription =  Refer to processor karena Usia tertanggung Dibawah 3 bulan harus melampirkan SKKA - Entry Age Procedure 1</message>
  <nestedLevel>1</nestedLevel>
</record>
<record>
  <date>2019-09-12T12:10:05</date>
  <millis>1568265005544</millis>
  <sequence>13</sequence>
  <level>START</level>
  <class>com.kms.katalon.core.logging.XmlKeywordLogger</class>
  <method>startKeyword</method>
  <thread>1</thread>
  <message>Start action : response = sendRequest(findTestObject(\&amp;quot;AlterationScroingNBMajor/Entry Age Procedure 1/Version 1.0_Check_1.391/Object Request\&amp;quot;, [\&amp;quot;transactionType\&amp;quot;:transactionType, \&amp;quot;productCode\&amp;quot;:productCode, \&amp;quot;role\&amp;quot;:role, \&amp;quot;age\&amp;quot;:age]))</message>
  <nestedLevel>1</nestedLevel>
  <property name="startLine">8</property>
  <property name="stepIndex">1</property>
</record>
<record>
  <date>2019-09-12T12:10:06</date>
  <millis>1568265006829</millis>
  <sequence>16</sequence>
  <level>INFO</level>
  <class>com.kms.katalon.core.logging.XmlKeywordLogger</class>
  <method>logMessage</method>
  <thread>1</thread>
  <message>HAR: C:\\SURYAPURBA\\PHS\\PHS-BRMS\\Reports\\AlterationScoringNBMajor\\Entry Age Procedure 1\\20190912_120958\\requests\\main\\0.har</message>
  <nestedLevel>1</nestedLevel>
  <property name="harId">4eb48b7d-a1e5-47f5-adfc-b02862d1b20d</property>
</record>
<record>
  <date>2019-09-12T12:10:07</date>
  <millis>1568265007004</millis>
  <sequence>17</sequence>
  <level>PASSED</level>
  <class>com.kms.katalon.core.logging.XmlKeywordLogger</class>
  <method>logMessage</method>
  <thread>1</thread>
  <message>Send request successfully</message>
  <nestedLevel>1</nestedLevel>
</record>
<record>
  <date>2019-09-12T12:10:07</date>
  <millis>1568265007005</millis>
  <sequence>18</sequence>
  <level>END</level>
  <class>com.kms.katalon.core.logging.XmlKeywordLogger</class>
  <method>endKeyword</method>
  <thread>1</thread>
  <message>End action : response = sendRequest(findTestObject(\&amp;quot;AlterationScroingNBMajor/Entry Age Procedure 1/Version 1.0_Check_1.391/Object Request\&amp;quot;, [\&amp;quot;transactionType\&amp;quot;:transactionType, \&amp;quot;productCode\&amp;quot;:productCode, \&amp;quot;role\&amp;quot;:role, \&amp;quot;age\&amp;quot;:age]))</message>
  <nestedLevel>1</nestedLevel>
</record>
<record>
  <date>2019-09-12T12:10:07</date>
  <millis>1568265007006</millis>
  <sequence>19</sequence>
  <level>START</level>
  <class>com.kms.katalon.core.logging.XmlKeywordLogger</class>
  <method>startKeyword</method>
  <thread>1</thread>
  <message>Start action : slurper = new groovy.json.JsonSlurper()</message>
  <nestedLevel>1</nestedLevel>
  <property name="startLine">11</property>
  <property name="stepIndex">2</property>
</record>
<record>
  <date>2019-09-12T12:10:07</date>
  <millis>1568265007019</millis>
  <sequence>20</sequence>
  <level>END</level>
  <class>com.kms.katalon.core.logging.XmlKeywordLogger</class>
  <method>endKeyword</method>
  <thread>1</thread>
  <message>End action : slurper = new groovy.json.JsonSlurper()</message>
  <nestedLevel>1</nestedLevel>
</record>
<record>
  <date>2019-09-12T12:10:07</date>
  <millis>1568265007020</millis>
  <sequence>21</sequence>
  <level>START</level>
  <class>com.kms.katalon.core.logging.XmlKeywordLogger</class>
  <method>startKeyword</method>
  <thread>1</thread>
  <message>Start action : parsingResponse = slurper.parseText(response.getResponseText())</message>
  <nestedLevel>1</nestedLevel>
  <property name="startLine">13</property>
  <property name="stepIndex">3</property>
</record>
<record>
  <date>2019-09-12T12:10:07</date>
  <millis>1568265007057</millis>
  <sequence>22</sequence>
  <level>END</level>
  <class>com.kms.katalon.core.logging.XmlKeywordLogger</class>
  <method>endKeyword</method>
  <thread>1</thread>
  <message>End action : parsingResponse = slurper.parseText(response.getResponseText())</message>
  <nestedLevel>1</nestedLevel>
</record>
<record>
  <date>2019-09-12T12:10:07</date>
  <millis>1568265007057</millis>
  <sequence>23</sequence>
  <level>START</level>
  <class>com.kms.katalon.core.logging.XmlKeywordLogger</class>
  <method>startKeyword</method>
  <thread>1</thread>
  <message>Start action : println(parsingResponse)</message>
  <nestedLevel>1</nestedLevel>
  <property name="startLine">15</property>
  <property name="stepIndex">4</property>
</record>
<record>
  <date>2019-09-12T12:10:07</date>
  <millis>1568265007081</millis>
  <sequence>24</sequence>
  <level>END</level>
  <class>com.kms.katalon.core.logging.XmlKeywordLogger</class>
  <method>endKeyword</method>
  <thread>1</thread>
  <message>End action : println(parsingResponse)</message>
  <nestedLevel>1</nestedLevel>
</record>
<record>
  <date>2019-09-12T12:10:07</date>
  <millis>1568265007081</millis>
  <sequence>25</sequence>
  <level>START</level>
  <class>com.kms.katalon.core.logging.XmlKeywordLogger</class>
  <method>startKeyword</method>
  <thread>1</thread>
  <message>Start action : evidenceCode = evidenceCode</message>
  <nestedLevel>1</nestedLevel>
  <property name="startLine">17</property>
  <property name="stepIndex">5</property>
</record>
<record>
  <date>2019-09-12T12:10:07</date>
  <millis>1568265007100</millis>
  <sequence>26</sequence>
  <level>END</level>
  <class>com.kms.katalon.core.logging.XmlKeywordLogger</class>
  <method>endKeyword</method>
  <thread>1</thread>
  <message>End action : evidenceCode = evidenceCode</message>
  <nestedLevel>1</nestedLevel>
</record>
<record>
  <date>2019-09-12T12:10:07</date>
  <millis>1568265007100</millis>
  <sequence>27</sequence>
  <level>START</level>
  <class>com.kms.katalon.core.logging.XmlKeywordLogger</class>
  <method>startKeyword</method>
  <thread>1</thread>
  <message>Start action : println(evidenceCode)</message>
  <nestedLevel>1</nestedLevel>
  <property name="startLine">19</property>
  <property name="stepIndex">6</property>
</record>
<record>
  <date>2019-09-12T12:10:07</date>
  <millis>1568265007101</millis>
  <sequence>28</sequence>
  <level>END</level>
  <class>com.kms.katalon.core.logging.XmlKeywordLogger</class>
  <method>endKeyword</method>
  <thread>1</thread>
  <message>End action : println(evidenceCode)</message>
  <nestedLevel>1</nestedLevel>
</record>
<record>
  <date>2019-09-12T12:10:07</date>
  <millis>1568265007102</millis>
  <sequence>29</sequence>
  <level>START</level>
  <class>com.kms.katalon.core.logging.XmlKeywordLogger</class>
  <method>startKeyword</method>
  <thread>1</thread>
  <message>Start action : actual = description == expectedDescription</message>
  <nestedLevel>1</nestedLevel>
  <property name="startLine">21</property>
  <property name="stepIndex">7</property>
</record>
<record>
  <date>2019-09-12T12:10:07</date>
  <millis>1568265007110</millis>
  <sequence>30</sequence>
  <level>END</level>
  <class>com.kms.katalon.core.logging.XmlKeywordLogger</class>
  <method>endKeyword</method>
  <thread>1</thread>
  <message>End action : actual = description == expectedDescription</message>
  <nestedLevel>1</nestedLevel>
</record>
<record>
  <date>2019-09-12T12:10:07</date>
  <millis>1568265007111</millis>
  <sequence>31</sequence>
  <level>START</level>
  <class>com.kms.katalon.core.logging.XmlKeywordLogger</class>
  <method>startKeyword</method>
  <thread>1</thread>
  <message>Start action : println(actual)</message>
  <nestedLevel>1</nestedLevel>
  <property name="startLine">25</property>
  <property name="stepIndex">8</property>
</record>
<record>
  <date>2019-09-12T12:10:07</date>
  <millis>1568265007112</millis>
  <sequence>32</sequence>
  <level>END</level>
  <class>com.kms.katalon.core.logging.XmlKeywordLogger</class>
  <method>endKeyword</method>
  <thread>1</thread>
  <message>End action : println(actual)</message>
  <nestedLevel>1</nestedLevel>
</record>
<record>
  <date>2019-09-12T12:10:07</date>
  <millis>1568265007112</millis>
  <sequence>33</sequence>
  <level>START</level>
  <class>com.kms.katalon.core.logging.XmlKeywordLogger</class>
  <method>startKeyword</method>
  <thread>1</thread>
  <message>Start action : verifyEqual(actual, true)</message>
  <nestedLevel>1</nestedLevel>
  <property name="startLine">26</property>
  <property name="stepIndex">9</property>
</record>
<record>
  <date>2019-09-12T12:10:07</date>
  <millis>1568265007173</millis>
  <sequence>35</sequence>
  <level>PASSED</level>
  <class>com.kms.katalon.core.logging.XmlKeywordLogger</class>
  <method>logMessage</method>
  <thread>1</thread>
  <message>Actual object &amp;apos;true&amp;apos; and expected object &amp;apos;true&amp;apos; are equal</message>
  <nestedLevel>1</nestedLevel>
</record>
<record>
  <date>2019-09-12T12:10:07</date>
  <millis>1568265007174</millis>
  <sequence>36</sequence>
  <level>END</level>
  <class>com.kms.katalon.core.logging.XmlKeywordLogger</class>
  <method>endKeyword</method>
  <thread>1</thread>
  <message>End action : verifyEqual(actual, true)</message>
  <nestedLevel>1</nestedLevel>
</record>
<record>
  <date>2019-09-12T12:10:07</date>
  <millis>1568265007174</millis>
  <sequence>37</sequence>
  <level>START</level>
  <class>com.kms.katalon.core.logging.XmlKeywordLogger</class>
  <method>startKeyword</method>
  <thread>1</thread>
  <message>Start action : verifyResponseStatusCode(response, 200)</message>
  <nestedLevel>1</nestedLevel>
  <property name="startLine">28</property>
  <property name="stepIndex">10</property>
</record>
<record>
  <date>2019-09-12T12:10:07</date>
  <millis>1568265007192</millis>
  <sequence>39</sequence>
  <level>PASSED</level>
  <class>com.kms.katalon.core.logging.XmlKeywordLogger</class>
  <method>logMessage</method>
  <thread>1</thread>
  <message>Verify response status code successfully</message>
  <nestedLevel>1</nestedLevel>
</record>
<record>
  <date>2019-09-12T12:10:07</date>
  <millis>1568265007192</millis>
  <sequence>40</sequence>
  <level>END</level>
  <class>com.kms.katalon.core.logging.XmlKeywordLogger</class>
  <method>endKeyword</method>
  <thread>1</thread>
  <message>End action : verifyResponseStatusCode(response, 200)</message>
  <nestedLevel>1</nestedLevel>
</record>
<record>
  <date>2019-09-12T12:10:07</date>
  <millis>1568265007193</millis>
  <sequence>41</sequence>
  <level>PASSED</level>
  <class>com.kms.katalon.core.logging.XmlKeywordLogger</class>
  <method>logMessage</method>
  <thread>1</thread>
  <message>Test Cases/AlterationScoringNBMajor/Entry Age Procedure 1/Entry Age Procedure 1</message>
  <nestedLevel>1</nestedLevel>
</record>
<record>
  <date>2019-09-12T12:10:07</date>
  <millis>1568265007194</millis>
  <sequence>42</sequence>
  <level>END</level>
  <class>com.kms.katalon.core.logging.XmlKeywordLogger</class>
  <method>endTest</method>
  <thread>1</thread>
  <message>End Test Case : Test Cases/AlterationScoringNBMajor/Entry Age Procedure 1/Entry Age Procedure 1</message>
  <nestedLevel>0</nestedLevel>
</record>
<record>
  <date>2019-09-12T12:10:07</date>
  <millis>1568265007367</millis>
  <sequence>43</sequence>
  <level>END</level>
  <class>com.kms.katalon.core.logging.XmlKeywordLogger</class>
  <method>endSuite</method>
  <thread>1</thread>
  <message>End Test Suite : Test Suites/AlterationScoringNBMajor/Entry Age Procedure 1</message>
  <nestedLevel>0</nestedLevel>
</record>
</log>
