<?xml version="1.0" encoding="UTF-8" standalone="no"?>
<!DOCTYPE log SYSTEM "logger.dtd">
<log>
<record>
  <date>2019-09-17T14:13:00</date>
  <millis>1568704380499</millis>
  <sequence>0</sequence>
  <level>START</level>
  <class>com.kms.katalon.core.logging.XmlKeywordLogger</class>
  <method>startSuite</method>
  <thread>1</thread>
  <message>Start Test Suite : Test Suites/AlterationScoringNBMajor/Policy in Other Company</message>
  <nestedLevel>0</nestedLevel>
  <property name="name">Policy in Other Company</property>
  <property name="description"></property>
  <property name="id">Test Suites/AlterationScoringNBMajor/Policy in Other Company</property>
</record>
<record>
  <date>2019-09-17T14:13:00</date>
  <millis>1568704380586</millis>
  <sequence>1</sequence>
  <level>RUN_DATA</level>
  <class>com.kms.katalon.core.logging.XmlKeywordLogger</class>
  <method>logMessage</method>
  <thread>1</thread>
  <message>hostName = c19679 - LIDLIFE38B0WS.PRU.intranet.asia</message>
  <nestedLevel>0</nestedLevel>
  <property name="hostName">c19679 - LIDLIFE38B0WS.PRU.intranet.asia</property>
</record>
<record>
  <date>2019-09-17T14:13:00</date>
  <millis>1568704380587</millis>
  <sequence>2</sequence>
  <level>RUN_DATA</level>
  <class>com.kms.katalon.core.logging.XmlKeywordLogger</class>
  <method>logMessage</method>
  <thread>1</thread>
  <message>os = Windows 7 64bit</message>
  <nestedLevel>0</nestedLevel>
  <property name="os">Windows 7 64bit</property>
</record>
<record>
  <date>2019-09-17T14:13:00</date>
  <millis>1568704380587</millis>
  <sequence>3</sequence>
  <level>RUN_DATA</level>
  <class>com.kms.katalon.core.logging.XmlKeywordLogger</class>
  <method>logMessage</method>
  <thread>1</thread>
  <message>hostAddress = 10.170.236.35</message>
  <nestedLevel>0</nestedLevel>
  <property name="hostAddress">10.170.236.35</property>
</record>
<record>
  <date>2019-09-17T14:13:00</date>
  <millis>1568704380590</millis>
  <sequence>4</sequence>
  <level>RUN_DATA</level>
  <class>com.kms.katalon.core.logging.XmlKeywordLogger</class>
  <method>logMessage</method>
  <thread>1</thread>
  <message>katalonVersion = 6.2.2.4</message>
  <nestedLevel>0</nestedLevel>
  <property name="katalonVersion">6.2.2.4</property>
</record>
<record>
  <date>2019-09-17T14:13:01</date>
  <millis>1568704381036</millis>
  <sequence>5</sequence>
  <level>START</level>
  <class>com.kms.katalon.core.logging.XmlKeywordLogger</class>
  <method>startTest</method>
  <thread>1</thread>
  <message>Start Test Case : Test Cases/AlterationScoringNBMajor/Policy in Other Company/Policy in Other Company</message>
  <nestedLevel>1</nestedLevel>
  <property name="name">Test Cases/AlterationScoringNBMajor/Policy in Other Company/Policy in Other Company</property>
  <property name="description"></property>
  <property name="id">Test Cases/AlterationScoringNBMajor/Policy in Other Company/Policy in Other Company</property>
  <property name="source">C:\\SURYAPURBA\\PHS\\PHS-BRMS\\Test Cases\\AlterationScoringNBMajor\\Policy in Other Company\\Policy in Other Company.tc</property>
  <property name="tag"></property>
  <property name="isOptional">false</property>
</record>
<record>
  <date>2019-09-17T14:13:01</date>
  <millis>1568704381079</millis>
  <sequence>7</sequence>
  <level>INFO</level>
  <class>com.kms.katalon.core.logging.XmlKeywordLogger</class>
  <method>logMessage</method>
  <thread>1</thread>
  <message>transactionType = Major</message>
  <nestedLevel>1</nestedLevel>
</record>
<record>
  <date>2019-09-17T14:13:01</date>
  <millis>1568704381080</millis>
  <sequence>8</sequence>
  <level>INFO</level>
  <class>com.kms.katalon.core.logging.XmlKeywordLogger</class>
  <method>logMessage</method>
  <thread>1</thread>
  <message>subAlter = AddRider</message>
  <nestedLevel>1</nestedLevel>
</record>
<record>
  <date>2019-09-17T14:13:01</date>
  <millis>1568704381081</millis>
  <sequence>9</sequence>
  <level>INFO</level>
  <class>com.kms.katalon.core.logging.XmlKeywordLogger</class>
  <method>logMessage</method>
  <thread>1</thread>
  <message>eviCode = LA2</message>
  <nestedLevel>1</nestedLevel>
</record>
<record>
  <date>2019-09-17T14:13:01</date>
  <millis>1568704381081</millis>
  <sequence>10</sequence>
  <level>INFO</level>
  <class>com.kms.katalon.core.logging.XmlKeywordLogger</class>
  <method>logMessage</method>
  <thread>1</thread>
  <message>riderCode = H1GR</message>
  <nestedLevel>1</nestedLevel>
</record>
<record>
  <date>2019-09-17T14:13:01</date>
  <millis>1568704381081</millis>
  <sequence>11</sequence>
  <level>INFO</level>
  <class>com.kms.katalon.core.logging.XmlKeywordLogger</class>
  <method>logMessage</method>
  <thread>1</thread>
  <message>role = LA2</message>
  <nestedLevel>1</nestedLevel>
</record>
<record>
  <date>2019-09-17T14:13:01</date>
  <millis>1568704381082</millis>
  <sequence>12</sequence>
  <level>INFO</level>
  <class>com.kms.katalon.core.logging.XmlKeywordLogger</class>
  <method>logMessage</method>
  <thread>1</thread>
  <message>exsitingPolicyForm = Y</message>
  <nestedLevel>1</nestedLevel>
</record>
<record>
  <date>2019-09-17T14:13:01</date>
  <millis>1568704381082</millis>
  <sequence>13</sequence>
  <level>INFO</level>
  <class>com.kms.katalon.core.logging.XmlKeywordLogger</class>
  <method>logMessage</method>
  <thread>1</thread>
  <message>policySubstandard = Y</message>
  <nestedLevel>1</nestedLevel>
</record>
<record>
  <date>2019-09-17T14:13:01</date>
  <millis>1568704381083</millis>
  <sequence>14</sequence>
  <level>INFO</level>
  <class>com.kms.katalon.core.logging.XmlKeywordLogger</class>
  <method>logMessage</method>
  <thread>1</thread>
  <message>expectedEvidenceCode = EXS</message>
  <nestedLevel>1</nestedLevel>
</record>
<record>
  <date>2019-09-17T14:13:01</date>
  <millis>1568704381086</millis>
  <sequence>15</sequence>
  <level>INFO</level>
  <class>com.kms.katalon.core.logging.XmlKeywordLogger</class>
  <method>logMessage</method>
  <thread>1</thread>
  <message>expectedDescription = Refer to processor karena isian untuk Kepemilikan Polis sebelumnya di Health Declaration  diisi Y - Policy in Other Company</message>
  <nestedLevel>1</nestedLevel>
</record>
<record>
  <date>2019-09-17T14:13:01</date>
  <millis>1568704381619</millis>
  <sequence>16</sequence>
  <level>START</level>
  <class>com.kms.katalon.core.logging.XmlKeywordLogger</class>
  <method>startKeyword</method>
  <thread>1</thread>
  <message>Start action : response = sendRequest(findTestObject(\&amp;quot;AlterationScroingNBMajor/Policy in Other Company/Version 1.0_Check_1.391/Object Request\&amp;quot;, [\&amp;quot;transactionType\&amp;quot;:transactionType, \&amp;quot;subAlter\&amp;quot;:subAlter, \&amp;quot;eviCode\&amp;quot;:eviCode, \&amp;quot;riderCode\&amp;quot;:riderCode, \&amp;quot;role\&amp;quot;:role, \&amp;quot;exsitingPolicyForm\&amp;quot;:exsitingPolicyForm, ... ]))</message>
  <nestedLevel>1</nestedLevel>
  <property name="startLine">8</property>
  <property name="stepIndex">1</property>
</record>
<record>
  <date>2019-09-17T14:13:02</date>
  <millis>1568704382923</millis>
  <sequence>19</sequence>
  <level>INFO</level>
  <class>com.kms.katalon.core.logging.XmlKeywordLogger</class>
  <method>logMessage</method>
  <thread>1</thread>
  <message>HAR: C:\\SURYAPURBA\\PHS\\PHS-BRMS\\Reports\\AlterationScoringNBMajor\\Policy in Other Company\\20190917_141256\\requests\\main\\0.har</message>
  <nestedLevel>1</nestedLevel>
  <property name="harId">480ad2fd-a8a5-4869-ae8c-fc5a85859bcb</property>
</record>
<record>
  <date>2019-09-17T14:13:03</date>
  <millis>1568704383087</millis>
  <sequence>20</sequence>
  <level>PASSED</level>
  <class>com.kms.katalon.core.logging.XmlKeywordLogger</class>
  <method>logMessage</method>
  <thread>1</thread>
  <message>Send request successfully</message>
  <nestedLevel>1</nestedLevel>
</record>
<record>
  <date>2019-09-17T14:13:03</date>
  <millis>1568704383088</millis>
  <sequence>21</sequence>
  <level>END</level>
  <class>com.kms.katalon.core.logging.XmlKeywordLogger</class>
  <method>endKeyword</method>
  <thread>1</thread>
  <message>End action : response = sendRequest(findTestObject(\&amp;quot;AlterationScroingNBMajor/Policy in Other Company/Version 1.0_Check_1.391/Object Request\&amp;quot;, [\&amp;quot;transactionType\&amp;quot;:transactionType, \&amp;quot;subAlter\&amp;quot;:subAlter, \&amp;quot;eviCode\&amp;quot;:eviCode, \&amp;quot;riderCode\&amp;quot;:riderCode, \&amp;quot;role\&amp;quot;:role, \&amp;quot;exsitingPolicyForm\&amp;quot;:exsitingPolicyForm, ... ]))</message>
  <nestedLevel>1</nestedLevel>
</record>
<record>
  <date>2019-09-17T14:13:03</date>
  <millis>1568704383089</millis>
  <sequence>22</sequence>
  <level>START</level>
  <class>com.kms.katalon.core.logging.XmlKeywordLogger</class>
  <method>startKeyword</method>
  <thread>1</thread>
  <message>Start action : slurper = new groovy.json.JsonSlurper()</message>
  <nestedLevel>1</nestedLevel>
  <property name="startLine">12</property>
  <property name="stepIndex">2</property>
</record>
<record>
  <date>2019-09-17T14:13:03</date>
  <millis>1568704383117</millis>
  <sequence>23</sequence>
  <level>END</level>
  <class>com.kms.katalon.core.logging.XmlKeywordLogger</class>
  <method>endKeyword</method>
  <thread>1</thread>
  <message>End action : slurper = new groovy.json.JsonSlurper()</message>
  <nestedLevel>1</nestedLevel>
</record>
<record>
  <date>2019-09-17T14:13:03</date>
  <millis>1568704383117</millis>
  <sequence>24</sequence>
  <level>START</level>
  <class>com.kms.katalon.core.logging.XmlKeywordLogger</class>
  <method>startKeyword</method>
  <thread>1</thread>
  <message>Start action : parsingResponse = slurper.parseText(response.getResponseText())</message>
  <nestedLevel>1</nestedLevel>
  <property name="startLine">14</property>
  <property name="stepIndex">3</property>
</record>
<record>
  <date>2019-09-17T14:13:03</date>
  <millis>1568704383165</millis>
  <sequence>25</sequence>
  <level>END</level>
  <class>com.kms.katalon.core.logging.XmlKeywordLogger</class>
  <method>endKeyword</method>
  <thread>1</thread>
  <message>End action : parsingResponse = slurper.parseText(response.getResponseText())</message>
  <nestedLevel>1</nestedLevel>
</record>
<record>
  <date>2019-09-17T14:13:03</date>
  <millis>1568704383166</millis>
  <sequence>26</sequence>
  <level>START</level>
  <class>com.kms.katalon.core.logging.XmlKeywordLogger</class>
  <method>startKeyword</method>
  <thread>1</thread>
  <message>Start action : println(parsingResponse)</message>
  <nestedLevel>1</nestedLevel>
  <property name="startLine">16</property>
  <property name="stepIndex">4</property>
</record>
<record>
  <date>2019-09-17T14:13:03</date>
  <millis>1568704383197</millis>
  <sequence>27</sequence>
  <level>END</level>
  <class>com.kms.katalon.core.logging.XmlKeywordLogger</class>
  <method>endKeyword</method>
  <thread>1</thread>
  <message>End action : println(parsingResponse)</message>
  <nestedLevel>1</nestedLevel>
</record>
<record>
  <date>2019-09-17T14:13:03</date>
  <millis>1568704383197</millis>
  <sequence>28</sequence>
  <level>START</level>
  <class>com.kms.katalon.core.logging.XmlKeywordLogger</class>
  <method>startKeyword</method>
  <thread>1</thread>
  <message>Start action : evidenceCode = evidenceCode</message>
  <nestedLevel>1</nestedLevel>
  <property name="startLine">18</property>
  <property name="stepIndex">5</property>
</record>
<record>
  <date>2019-09-17T14:13:03</date>
  <millis>1568704383215</millis>
  <sequence>29</sequence>
  <level>END</level>
  <class>com.kms.katalon.core.logging.XmlKeywordLogger</class>
  <method>endKeyword</method>
  <thread>1</thread>
  <message>End action : evidenceCode = evidenceCode</message>
  <nestedLevel>1</nestedLevel>
</record>
<record>
  <date>2019-09-17T14:13:03</date>
  <millis>1568704383216</millis>
  <sequence>30</sequence>
  <level>START</level>
  <class>com.kms.katalon.core.logging.XmlKeywordLogger</class>
  <method>startKeyword</method>
  <thread>1</thread>
  <message>Start action : println(evidenceCode)</message>
  <nestedLevel>1</nestedLevel>
  <property name="startLine">20</property>
  <property name="stepIndex">6</property>
</record>
<record>
  <date>2019-09-17T14:13:03</date>
  <millis>1568704383218</millis>
  <sequence>31</sequence>
  <level>END</level>
  <class>com.kms.katalon.core.logging.XmlKeywordLogger</class>
  <method>endKeyword</method>
  <thread>1</thread>
  <message>End action : println(evidenceCode)</message>
  <nestedLevel>1</nestedLevel>
</record>
<record>
  <date>2019-09-17T14:13:03</date>
  <millis>1568704383218</millis>
  <sequence>32</sequence>
  <level>START</level>
  <class>com.kms.katalon.core.logging.XmlKeywordLogger</class>
  <method>startKeyword</method>
  <thread>1</thread>
  <message>Start action : actual = description == expectedDescription</message>
  <nestedLevel>1</nestedLevel>
  <property name="startLine">22</property>
  <property name="stepIndex">7</property>
</record>
<record>
  <date>2019-09-17T14:13:03</date>
  <millis>1568704383226</millis>
  <sequence>33</sequence>
  <level>END</level>
  <class>com.kms.katalon.core.logging.XmlKeywordLogger</class>
  <method>endKeyword</method>
  <thread>1</thread>
  <message>End action : actual = description == expectedDescription</message>
  <nestedLevel>1</nestedLevel>
</record>
<record>
  <date>2019-09-17T14:13:03</date>
  <millis>1568704383228</millis>
  <sequence>34</sequence>
  <level>START</level>
  <class>com.kms.katalon.core.logging.XmlKeywordLogger</class>
  <method>startKeyword</method>
  <thread>1</thread>
  <message>Start action : verifyEqual(actual, true)</message>
  <nestedLevel>1</nestedLevel>
  <property name="startLine">26</property>
  <property name="stepIndex">8</property>
</record>
<record>
  <date>2019-09-17T14:13:03</date>
  <millis>1568704383301</millis>
  <sequence>36</sequence>
  <level>PASSED</level>
  <class>com.kms.katalon.core.logging.XmlKeywordLogger</class>
  <method>logMessage</method>
  <thread>1</thread>
  <message>Actual object &amp;apos;true&amp;apos; and expected object &amp;apos;true&amp;apos; are equal</message>
  <nestedLevel>1</nestedLevel>
</record>
<record>
  <date>2019-09-17T14:13:03</date>
  <millis>1568704383304</millis>
  <sequence>37</sequence>
  <level>END</level>
  <class>com.kms.katalon.core.logging.XmlKeywordLogger</class>
  <method>endKeyword</method>
  <thread>1</thread>
  <message>End action : verifyEqual(actual, true)</message>
  <nestedLevel>1</nestedLevel>
</record>
<record>
  <date>2019-09-17T14:13:03</date>
  <millis>1568704383305</millis>
  <sequence>38</sequence>
  <level>START</level>
  <class>com.kms.katalon.core.logging.XmlKeywordLogger</class>
  <method>startKeyword</method>
  <thread>1</thread>
  <message>Start action : verifyResponseStatusCode(response, 200)</message>
  <nestedLevel>1</nestedLevel>
  <property name="startLine">28</property>
  <property name="stepIndex">9</property>
</record>
<record>
  <date>2019-09-17T14:13:03</date>
  <millis>1568704383330</millis>
  <sequence>40</sequence>
  <level>PASSED</level>
  <class>com.kms.katalon.core.logging.XmlKeywordLogger</class>
  <method>logMessage</method>
  <thread>1</thread>
  <message>Verify response status code successfully</message>
  <nestedLevel>1</nestedLevel>
</record>
<record>
  <date>2019-09-17T14:13:03</date>
  <millis>1568704383331</millis>
  <sequence>41</sequence>
  <level>END</level>
  <class>com.kms.katalon.core.logging.XmlKeywordLogger</class>
  <method>endKeyword</method>
  <thread>1</thread>
  <message>End action : verifyResponseStatusCode(response, 200)</message>
  <nestedLevel>1</nestedLevel>
</record>
<record>
  <date>2019-09-17T14:13:03</date>
  <millis>1568704383331</millis>
  <sequence>42</sequence>
  <level>PASSED</level>
  <class>com.kms.katalon.core.logging.XmlKeywordLogger</class>
  <method>logMessage</method>
  <thread>1</thread>
  <message>Test Cases/AlterationScoringNBMajor/Policy in Other Company/Policy in Other Company</message>
  <nestedLevel>1</nestedLevel>
</record>
<record>
  <date>2019-09-17T14:13:03</date>
  <millis>1568704383332</millis>
  <sequence>43</sequence>
  <level>END</level>
  <class>com.kms.katalon.core.logging.XmlKeywordLogger</class>
  <method>endTest</method>
  <thread>1</thread>
  <message>End Test Case : Test Cases/AlterationScoringNBMajor/Policy in Other Company/Policy in Other Company</message>
  <nestedLevel>0</nestedLevel>
</record>
<record>
  <date>2019-09-17T14:13:03</date>
  <millis>1568704383345</millis>
  <sequence>44</sequence>
  <level>START</level>
  <class>com.kms.katalon.core.logging.XmlKeywordLogger</class>
  <method>startTest</method>
  <thread>1</thread>
  <message>Start Test Case : Test Cases/AlterationScoringNBMajor/Policy in Other Company/Policy in Other Company</message>
  <nestedLevel>1</nestedLevel>
  <property name="name">Test Cases/AlterationScoringNBMajor/Policy in Other Company/Policy in Other Company</property>
  <property name="description"></property>
  <property name="id">Test Cases/AlterationScoringNBMajor/Policy in Other Company/Policy in Other Company</property>
  <property name="source">C:\\SURYAPURBA\\PHS\\PHS-BRMS\\Test Cases\\AlterationScoringNBMajor\\Policy in Other Company\\Policy in Other Company.tc</property>
  <property name="tag"></property>
  <property name="isOptional">false</property>
</record>
<record>
  <date>2019-09-17T14:13:03</date>
  <millis>1568704383359</millis>
  <sequence>46</sequence>
  <level>INFO</level>
  <class>com.kms.katalon.core.logging.XmlKeywordLogger</class>
  <method>logMessage</method>
  <thread>1</thread>
  <message>transactionType = Major</message>
  <nestedLevel>1</nestedLevel>
</record>
<record>
  <date>2019-09-17T14:13:03</date>
  <millis>1568704383359</millis>
  <sequence>47</sequence>
  <level>INFO</level>
  <class>com.kms.katalon.core.logging.XmlKeywordLogger</class>
  <method>logMessage</method>
  <thread>1</thread>
  <message>subAlter = AddRider</message>
  <nestedLevel>1</nestedLevel>
</record>
<record>
  <date>2019-09-17T14:13:03</date>
  <millis>1568704383363</millis>
  <sequence>48</sequence>
  <level>INFO</level>
  <class>com.kms.katalon.core.logging.XmlKeywordLogger</class>
  <method>logMessage</method>
  <thread>1</thread>
  <message>eviCode = LA3</message>
  <nestedLevel>1</nestedLevel>
</record>
<record>
  <date>2019-09-17T14:13:03</date>
  <millis>1568704383364</millis>
  <sequence>49</sequence>
  <level>INFO</level>
  <class>com.kms.katalon.core.logging.XmlKeywordLogger</class>
  <method>logMessage</method>
  <thread>1</thread>
  <message>riderCode = H1GR</message>
  <nestedLevel>1</nestedLevel>
</record>
<record>
  <date>2019-09-17T14:13:03</date>
  <millis>1568704383364</millis>
  <sequence>50</sequence>
  <level>INFO</level>
  <class>com.kms.katalon.core.logging.XmlKeywordLogger</class>
  <method>logMessage</method>
  <thread>1</thread>
  <message>role = LA2</message>
  <nestedLevel>1</nestedLevel>
</record>
<record>
  <date>2019-09-17T14:13:03</date>
  <millis>1568704383364</millis>
  <sequence>51</sequence>
  <level>INFO</level>
  <class>com.kms.katalon.core.logging.XmlKeywordLogger</class>
  <method>logMessage</method>
  <thread>1</thread>
  <message>exsitingPolicyForm = Y</message>
  <nestedLevel>1</nestedLevel>
</record>
<record>
  <date>2019-09-17T14:13:03</date>
  <millis>1568704383365</millis>
  <sequence>52</sequence>
  <level>INFO</level>
  <class>com.kms.katalon.core.logging.XmlKeywordLogger</class>
  <method>logMessage</method>
  <thread>1</thread>
  <message>policySubstandard = Y</message>
  <nestedLevel>1</nestedLevel>
</record>
<record>
  <date>2019-09-17T14:13:03</date>
  <millis>1568704383365</millis>
  <sequence>53</sequence>
  <level>INFO</level>
  <class>com.kms.katalon.core.logging.XmlKeywordLogger</class>
  <method>logMessage</method>
  <thread>1</thread>
  <message>expectedEvidenceCode = EXS</message>
  <nestedLevel>1</nestedLevel>
</record>
<record>
  <date>2019-09-17T14:13:03</date>
  <millis>1568704383366</millis>
  <sequence>54</sequence>
  <level>INFO</level>
  <class>com.kms.katalon.core.logging.XmlKeywordLogger</class>
  <method>logMessage</method>
  <thread>1</thread>
  <message>expectedDescription = Refer to processor karena isian untuk Kepemilikan Polis sebelumnya di Health Declaration  diisi Y - Policy in Other Company</message>
  <nestedLevel>1</nestedLevel>
</record>
<record>
  <date>2019-09-17T14:13:03</date>
  <millis>1568704383369</millis>
  <sequence>55</sequence>
  <level>START</level>
  <class>com.kms.katalon.core.logging.XmlKeywordLogger</class>
  <method>startKeyword</method>
  <thread>1</thread>
  <message>Start action : response = sendRequest(findTestObject(\&amp;quot;AlterationScroingNBMajor/Policy in Other Company/Version 1.0_Check_1.391/Object Request\&amp;quot;, [\&amp;quot;transactionType\&amp;quot;:transactionType, \&amp;quot;subAlter\&amp;quot;:subAlter, \&amp;quot;eviCode\&amp;quot;:eviCode, \&amp;quot;riderCode\&amp;quot;:riderCode, \&amp;quot;role\&amp;quot;:role, \&amp;quot;exsitingPolicyForm\&amp;quot;:exsitingPolicyForm, ... ]))</message>
  <nestedLevel>1</nestedLevel>
  <property name="startLine">8</property>
  <property name="stepIndex">1</property>
</record>
<record>
  <date>2019-09-17T14:13:03</date>
  <millis>1568704383492</millis>
  <sequence>58</sequence>
  <level>INFO</level>
  <class>com.kms.katalon.core.logging.XmlKeywordLogger</class>
  <method>logMessage</method>
  <thread>1</thread>
  <message>HAR: C:\\SURYAPURBA\\PHS\\PHS-BRMS\\Reports\\AlterationScoringNBMajor\\Policy in Other Company\\20190917_141256\\requests\\main\\1.har</message>
  <nestedLevel>1</nestedLevel>
  <property name="harId">50023f51-a008-4677-a25b-1b46abf91e97</property>
</record>
<record>
  <date>2019-09-17T14:13:03</date>
  <millis>1568704383503</millis>
  <sequence>59</sequence>
  <level>PASSED</level>
  <class>com.kms.katalon.core.logging.XmlKeywordLogger</class>
  <method>logMessage</method>
  <thread>1</thread>
  <message>Send request successfully</message>
  <nestedLevel>1</nestedLevel>
</record>
<record>
  <date>2019-09-17T14:13:03</date>
  <millis>1568704383504</millis>
  <sequence>60</sequence>
  <level>END</level>
  <class>com.kms.katalon.core.logging.XmlKeywordLogger</class>
  <method>endKeyword</method>
  <thread>1</thread>
  <message>End action : response = sendRequest(findTestObject(\&amp;quot;AlterationScroingNBMajor/Policy in Other Company/Version 1.0_Check_1.391/Object Request\&amp;quot;, [\&amp;quot;transactionType\&amp;quot;:transactionType, \&amp;quot;subAlter\&amp;quot;:subAlter, \&amp;quot;eviCode\&amp;quot;:eviCode, \&amp;quot;riderCode\&amp;quot;:riderCode, \&amp;quot;role\&amp;quot;:role, \&amp;quot;exsitingPolicyForm\&amp;quot;:exsitingPolicyForm, ... ]))</message>
  <nestedLevel>1</nestedLevel>
</record>
<record>
  <date>2019-09-17T14:13:03</date>
  <millis>1568704383504</millis>
  <sequence>61</sequence>
  <level>START</level>
  <class>com.kms.katalon.core.logging.XmlKeywordLogger</class>
  <method>startKeyword</method>
  <thread>1</thread>
  <message>Start action : slurper = new groovy.json.JsonSlurper()</message>
  <nestedLevel>1</nestedLevel>
  <property name="startLine">12</property>
  <property name="stepIndex">2</property>
</record>
<record>
  <date>2019-09-17T14:13:03</date>
  <millis>1568704383507</millis>
  <sequence>62</sequence>
  <level>END</level>
  <class>com.kms.katalon.core.logging.XmlKeywordLogger</class>
  <method>endKeyword</method>
  <thread>1</thread>
  <message>End action : slurper = new groovy.json.JsonSlurper()</message>
  <nestedLevel>1</nestedLevel>
</record>
<record>
  <date>2019-09-17T14:13:03</date>
  <millis>1568704383507</millis>
  <sequence>63</sequence>
  <level>START</level>
  <class>com.kms.katalon.core.logging.XmlKeywordLogger</class>
  <method>startKeyword</method>
  <thread>1</thread>
  <message>Start action : parsingResponse = slurper.parseText(response.getResponseText())</message>
  <nestedLevel>1</nestedLevel>
  <property name="startLine">14</property>
  <property name="stepIndex">3</property>
</record>
<record>
  <date>2019-09-17T14:13:03</date>
  <millis>1568704383521</millis>
  <sequence>64</sequence>
  <level>END</level>
  <class>com.kms.katalon.core.logging.XmlKeywordLogger</class>
  <method>endKeyword</method>
  <thread>1</thread>
  <message>End action : parsingResponse = slurper.parseText(response.getResponseText())</message>
  <nestedLevel>1</nestedLevel>
</record>
<record>
  <date>2019-09-17T14:13:03</date>
  <millis>1568704383522</millis>
  <sequence>65</sequence>
  <level>START</level>
  <class>com.kms.katalon.core.logging.XmlKeywordLogger</class>
  <method>startKeyword</method>
  <thread>1</thread>
  <message>Start action : println(parsingResponse)</message>
  <nestedLevel>1</nestedLevel>
  <property name="startLine">16</property>
  <property name="stepIndex">4</property>
</record>
<record>
  <date>2019-09-17T14:13:03</date>
  <millis>1568704383529</millis>
  <sequence>66</sequence>
  <level>END</level>
  <class>com.kms.katalon.core.logging.XmlKeywordLogger</class>
  <method>endKeyword</method>
  <thread>1</thread>
  <message>End action : println(parsingResponse)</message>
  <nestedLevel>1</nestedLevel>
</record>
<record>
  <date>2019-09-17T14:13:03</date>
  <millis>1568704383529</millis>
  <sequence>67</sequence>
  <level>START</level>
  <class>com.kms.katalon.core.logging.XmlKeywordLogger</class>
  <method>startKeyword</method>
  <thread>1</thread>
  <message>Start action : evidenceCode = evidenceCode</message>
  <nestedLevel>1</nestedLevel>
  <property name="startLine">18</property>
  <property name="stepIndex">5</property>
</record>
<record>
  <date>2019-09-17T14:13:03</date>
  <millis>1568704383530</millis>
  <sequence>68</sequence>
  <level>END</level>
  <class>com.kms.katalon.core.logging.XmlKeywordLogger</class>
  <method>endKeyword</method>
  <thread>1</thread>
  <message>End action : evidenceCode = evidenceCode</message>
  <nestedLevel>1</nestedLevel>
</record>
<record>
  <date>2019-09-17T14:13:03</date>
  <millis>1568704383530</millis>
  <sequence>69</sequence>
  <level>START</level>
  <class>com.kms.katalon.core.logging.XmlKeywordLogger</class>
  <method>startKeyword</method>
  <thread>1</thread>
  <message>Start action : println(evidenceCode)</message>
  <nestedLevel>1</nestedLevel>
  <property name="startLine">20</property>
  <property name="stepIndex">6</property>
</record>
<record>
  <date>2019-09-17T14:13:03</date>
  <millis>1568704383536</millis>
  <sequence>70</sequence>
  <level>END</level>
  <class>com.kms.katalon.core.logging.XmlKeywordLogger</class>
  <method>endKeyword</method>
  <thread>1</thread>
  <message>End action : println(evidenceCode)</message>
  <nestedLevel>1</nestedLevel>
</record>
<record>
  <date>2019-09-17T14:13:03</date>
  <millis>1568704383536</millis>
  <sequence>71</sequence>
  <level>START</level>
  <class>com.kms.katalon.core.logging.XmlKeywordLogger</class>
  <method>startKeyword</method>
  <thread>1</thread>
  <message>Start action : actual = description == expectedDescription</message>
  <nestedLevel>1</nestedLevel>
  <property name="startLine">22</property>
  <property name="stepIndex">7</property>
</record>
<record>
  <date>2019-09-17T14:13:03</date>
  <millis>1568704383537</millis>
  <sequence>72</sequence>
  <level>END</level>
  <class>com.kms.katalon.core.logging.XmlKeywordLogger</class>
  <method>endKeyword</method>
  <thread>1</thread>
  <message>End action : actual = description == expectedDescription</message>
  <nestedLevel>1</nestedLevel>
</record>
<record>
  <date>2019-09-17T14:13:03</date>
  <millis>1568704383537</millis>
  <sequence>73</sequence>
  <level>START</level>
  <class>com.kms.katalon.core.logging.XmlKeywordLogger</class>
  <method>startKeyword</method>
  <thread>1</thread>
  <message>Start action : verifyEqual(actual, true)</message>
  <nestedLevel>1</nestedLevel>
  <property name="startLine">26</property>
  <property name="stepIndex">8</property>
</record>
<record>
  <date>2019-09-17T14:13:03</date>
  <millis>1568704383541</millis>
  <sequence>75</sequence>
  <level>PASSED</level>
  <class>com.kms.katalon.core.logging.XmlKeywordLogger</class>
  <method>logMessage</method>
  <thread>1</thread>
  <message>Actual object &amp;apos;true&amp;apos; and expected object &amp;apos;true&amp;apos; are equal</message>
  <nestedLevel>1</nestedLevel>
</record>
<record>
  <date>2019-09-17T14:13:03</date>
  <millis>1568704383542</millis>
  <sequence>76</sequence>
  <level>END</level>
  <class>com.kms.katalon.core.logging.XmlKeywordLogger</class>
  <method>endKeyword</method>
  <thread>1</thread>
  <message>End action : verifyEqual(actual, true)</message>
  <nestedLevel>1</nestedLevel>
</record>
<record>
  <date>2019-09-17T14:13:03</date>
  <millis>1568704383542</millis>
  <sequence>77</sequence>
  <level>START</level>
  <class>com.kms.katalon.core.logging.XmlKeywordLogger</class>
  <method>startKeyword</method>
  <thread>1</thread>
  <message>Start action : verifyResponseStatusCode(response, 200)</message>
  <nestedLevel>1</nestedLevel>
  <property name="startLine">28</property>
  <property name="stepIndex">9</property>
</record>
<record>
  <date>2019-09-17T14:13:03</date>
  <millis>1568704383545</millis>
  <sequence>79</sequence>
  <level>PASSED</level>
  <class>com.kms.katalon.core.logging.XmlKeywordLogger</class>
  <method>logMessage</method>
  <thread>1</thread>
  <message>Verify response status code successfully</message>
  <nestedLevel>1</nestedLevel>
</record>
<record>
  <date>2019-09-17T14:13:03</date>
  <millis>1568704383546</millis>
  <sequence>80</sequence>
  <level>END</level>
  <class>com.kms.katalon.core.logging.XmlKeywordLogger</class>
  <method>endKeyword</method>
  <thread>1</thread>
  <message>End action : verifyResponseStatusCode(response, 200)</message>
  <nestedLevel>1</nestedLevel>
</record>
<record>
  <date>2019-09-17T14:13:03</date>
  <millis>1568704383546</millis>
  <sequence>81</sequence>
  <level>PASSED</level>
  <class>com.kms.katalon.core.logging.XmlKeywordLogger</class>
  <method>logMessage</method>
  <thread>1</thread>
  <message>Test Cases/AlterationScoringNBMajor/Policy in Other Company/Policy in Other Company</message>
  <nestedLevel>1</nestedLevel>
</record>
<record>
  <date>2019-09-17T14:13:03</date>
  <millis>1568704383553</millis>
  <sequence>82</sequence>
  <level>END</level>
  <class>com.kms.katalon.core.logging.XmlKeywordLogger</class>
  <method>endTest</method>
  <thread>1</thread>
  <message>End Test Case : Test Cases/AlterationScoringNBMajor/Policy in Other Company/Policy in Other Company</message>
  <nestedLevel>0</nestedLevel>
</record>
<record>
  <date>2019-09-17T14:13:03</date>
  <millis>1568704383959</millis>
  <sequence>83</sequence>
  <level>END</level>
  <class>com.kms.katalon.core.logging.XmlKeywordLogger</class>
  <method>endSuite</method>
  <thread>1</thread>
  <message>End Test Suite : Test Suites/AlterationScoringNBMajor/Policy in Other Company</message>
  <nestedLevel>0</nestedLevel>
</record>
</log>
