<?xml version="1.0" encoding="UTF-8" standalone="no"?>
<!DOCTYPE log SYSTEM "logger.dtd">
<log>
<record>
  <date>2019-09-12T13:02:17</date>
  <millis>1568268137926</millis>
  <sequence>0</sequence>
  <level>START</level>
  <class>com.kms.katalon.core.logging.XmlKeywordLogger</class>
  <method>startSuite</method>
  <thread>1</thread>
  <message>Start Test Suite : Test Suites/AlterationScoringNBMajor/Entry Age Procedure 2</message>
  <nestedLevel>0</nestedLevel>
  <property name="name">Entry Age Procedure 2</property>
  <property name="description"></property>
  <property name="id">Test Suites/AlterationScoringNBMajor/Entry Age Procedure 2</property>
</record>
<record>
  <date>2019-09-12T13:02:17</date>
  <millis>1568268137978</millis>
  <sequence>1</sequence>
  <level>RUN_DATA</level>
  <class>com.kms.katalon.core.logging.XmlKeywordLogger</class>
  <method>logMessage</method>
  <thread>1</thread>
  <message>hostName = c19679 - LIDLIFE38B0WS.PRU.intranet.asia</message>
  <nestedLevel>0</nestedLevel>
  <property name="hostName">c19679 - LIDLIFE38B0WS.PRU.intranet.asia</property>
</record>
<record>
  <date>2019-09-12T13:02:17</date>
  <millis>1568268137979</millis>
  <sequence>2</sequence>
  <level>RUN_DATA</level>
  <class>com.kms.katalon.core.logging.XmlKeywordLogger</class>
  <method>logMessage</method>
  <thread>1</thread>
  <message>os = Windows 7 64bit</message>
  <nestedLevel>0</nestedLevel>
  <property name="os">Windows 7 64bit</property>
</record>
<record>
  <date>2019-09-12T13:02:17</date>
  <millis>1568268137979</millis>
  <sequence>3</sequence>
  <level>RUN_DATA</level>
  <class>com.kms.katalon.core.logging.XmlKeywordLogger</class>
  <method>logMessage</method>
  <thread>1</thread>
  <message>hostAddress = 10.170.236.40</message>
  <nestedLevel>0</nestedLevel>
  <property name="hostAddress">10.170.236.40</property>
</record>
<record>
  <date>2019-09-12T13:02:17</date>
  <millis>1568268137982</millis>
  <sequence>4</sequence>
  <level>RUN_DATA</level>
  <class>com.kms.katalon.core.logging.XmlKeywordLogger</class>
  <method>logMessage</method>
  <thread>1</thread>
  <message>katalonVersion = 6.2.2.4</message>
  <nestedLevel>0</nestedLevel>
  <property name="katalonVersion">6.2.2.4</property>
</record>
<record>
  <date>2019-09-12T13:02:18</date>
  <millis>1568268138446</millis>
  <sequence>5</sequence>
  <level>START</level>
  <class>com.kms.katalon.core.logging.XmlKeywordLogger</class>
  <method>startTest</method>
  <thread>1</thread>
  <message>Start Test Case : Test Cases/AlterationScoringNBMajor/Entry Age Procedure 2/Negative-Entry Age Procedure 2</message>
  <nestedLevel>1</nestedLevel>
  <property name="name">Test Cases/AlterationScoringNBMajor/Entry Age Procedure 2/Negative-Entry Age Procedure 2</property>
  <property name="description"></property>
  <property name="id">Test Cases/AlterationScoringNBMajor/Entry Age Procedure 2/Negative-Entry Age Procedure 2</property>
  <property name="source">C:\\SURYAPURBA\\PHS\\PHS-BRMS\\Test Cases\\AlterationScoringNBMajor\\Entry Age Procedure 2\\Negative-Entry Age Procedure 2.tc</property>
  <property name="tag"></property>
  <property name="isOptional">false</property>
</record>
<record>
  <date>2019-09-12T13:02:18</date>
  <millis>1568268138657</millis>
  <sequence>7</sequence>
  <level>INFO</level>
  <class>com.kms.katalon.core.logging.XmlKeywordLogger</class>
  <method>logMessage</method>
  <thread>1</thread>
  <message>(Default) transactionType = Major</message>
  <nestedLevel>1</nestedLevel>
</record>
<record>
  <date>2019-09-12T13:02:18</date>
  <millis>1568268138680</millis>
  <sequence>8</sequence>
  <level>INFO</level>
  <class>com.kms.katalon.core.logging.XmlKeywordLogger</class>
  <method>logMessage</method>
  <thread>1</thread>
  <message>(Default) productCode = U1T</message>
  <nestedLevel>1</nestedLevel>
</record>
<record>
  <date>2019-09-12T13:02:18</date>
  <millis>1568268138699</millis>
  <sequence>9</sequence>
  <level>INFO</level>
  <class>com.kms.katalon.core.logging.XmlKeywordLogger</class>
  <method>logMessage</method>
  <thread>1</thread>
  <message>(Default) role = LA1</message>
  <nestedLevel>1</nestedLevel>
</record>
<record>
  <date>2019-09-12T13:02:18</date>
  <millis>1568268138717</millis>
  <sequence>10</sequence>
  <level>INFO</level>
  <class>com.kms.katalon.core.logging.XmlKeywordLogger</class>
  <method>logMessage</method>
  <thread>1</thread>
  <message>(Default) age = 741</message>
  <nestedLevel>1</nestedLevel>
</record>
<record>
  <date>2019-09-12T13:02:18</date>
  <millis>1568268138739</millis>
  <sequence>11</sequence>
  <level>INFO</level>
  <class>com.kms.katalon.core.logging.XmlKeywordLogger</class>
  <method>logMessage</method>
  <thread>1</thread>
  <message>(Default) weight = 2499</message>
  <nestedLevel>1</nestedLevel>
</record>
<record>
  <date>2019-09-12T13:02:18</date>
  <millis>1568268138771</millis>
  <sequence>12</sequence>
  <level>INFO</level>
  <class>com.kms.katalon.core.logging.XmlKeywordLogger</class>
  <method>logMessage</method>
  <thread>1</thread>
  <message>(Default) expectedEviCode = CBP</message>
  <nestedLevel>1</nestedLevel>
</record>
<record>
  <date>2019-09-12T13:02:18</date>
  <millis>1568268138806</millis>
  <sequence>13</sequence>
  <level>INFO</level>
  <class>com.kms.katalon.core.logging.XmlKeywordLogger</class>
  <method>logMessage</method>
  <thread>1</thread>
  <message>(Default) expectedDescription =  Refer to processor karena Usia tertanggung Dibawah 3 bulan harus melampirkan SKKA - Entry Age Procedure 1</message>
  <nestedLevel>1</nestedLevel>
</record>
<record>
  <date>2019-09-12T13:02:19</date>
  <millis>1568268139267</millis>
  <sequence>14</sequence>
  <level>START</level>
  <class>com.kms.katalon.core.logging.XmlKeywordLogger</class>
  <method>startKeyword</method>
  <thread>1</thread>
  <message>Start action : response = sendRequest(findTestObject(\&amp;quot;AlterationScroingNBMajor/Entry Age Procedure 2/Version 1.0_Check_1.391/Negative_Object Request\&amp;quot;, [\&amp;quot;transactionType\&amp;quot;:transactionType, \&amp;quot;productCode\&amp;quot;:productCode, \&amp;quot;role\&amp;quot;:role, \&amp;quot;age\&amp;quot;:age]))</message>
  <nestedLevel>1</nestedLevel>
  <property name="startLine">6</property>
  <property name="stepIndex">1</property>
</record>
<record>
  <date>2019-09-12T13:02:20</date>
  <millis>1568268140499</millis>
  <sequence>17</sequence>
  <level>INFO</level>
  <class>com.kms.katalon.core.logging.XmlKeywordLogger</class>
  <method>logMessage</method>
  <thread>1</thread>
  <message>HAR: C:\\SURYAPURBA\\PHS\\PHS-BRMS\\Reports\\AlterationScoringNBMajor\\Entry Age Procedure 2\\20190912_130214\\requests\\main\\0.har</message>
  <nestedLevel>1</nestedLevel>
  <property name="harId">3858dc91-b5d9-4e4d-97b8-e5dd570d2f10</property>
</record>
<record>
  <date>2019-09-12T13:02:20</date>
  <millis>1568268140695</millis>
  <sequence>18</sequence>
  <level>PASSED</level>
  <class>com.kms.katalon.core.logging.XmlKeywordLogger</class>
  <method>logMessage</method>
  <thread>1</thread>
  <message>Send request successfully</message>
  <nestedLevel>1</nestedLevel>
</record>
<record>
  <date>2019-09-12T13:02:20</date>
  <millis>1568268140698</millis>
  <sequence>19</sequence>
  <level>END</level>
  <class>com.kms.katalon.core.logging.XmlKeywordLogger</class>
  <method>endKeyword</method>
  <thread>1</thread>
  <message>End action : response = sendRequest(findTestObject(\&amp;quot;AlterationScroingNBMajor/Entry Age Procedure 2/Version 1.0_Check_1.391/Negative_Object Request\&amp;quot;, [\&amp;quot;transactionType\&amp;quot;:transactionType, \&amp;quot;productCode\&amp;quot;:productCode, \&amp;quot;role\&amp;quot;:role, \&amp;quot;age\&amp;quot;:age]))</message>
  <nestedLevel>1</nestedLevel>
</record>
<record>
  <date>2019-09-12T13:02:20</date>
  <millis>1568268140698</millis>
  <sequence>20</sequence>
  <level>START</level>
  <class>com.kms.katalon.core.logging.XmlKeywordLogger</class>
  <method>startKeyword</method>
  <thread>1</thread>
  <message>Start action : slurper = new groovy.json.JsonSlurper()</message>
  <nestedLevel>1</nestedLevel>
  <property name="startLine">9</property>
  <property name="stepIndex">2</property>
</record>
<record>
  <date>2019-09-12T13:02:20</date>
  <millis>1568268140713</millis>
  <sequence>21</sequence>
  <level>END</level>
  <class>com.kms.katalon.core.logging.XmlKeywordLogger</class>
  <method>endKeyword</method>
  <thread>1</thread>
  <message>End action : slurper = new groovy.json.JsonSlurper()</message>
  <nestedLevel>1</nestedLevel>
</record>
<record>
  <date>2019-09-12T13:02:20</date>
  <millis>1568268140714</millis>
  <sequence>22</sequence>
  <level>START</level>
  <class>com.kms.katalon.core.logging.XmlKeywordLogger</class>
  <method>startKeyword</method>
  <thread>1</thread>
  <message>Start action : parsingResponse = slurper.parseText(response.getResponseText())</message>
  <nestedLevel>1</nestedLevel>
  <property name="startLine">11</property>
  <property name="stepIndex">3</property>
</record>
<record>
  <date>2019-09-12T13:02:20</date>
  <millis>1568268140815</millis>
  <sequence>23</sequence>
  <level>END</level>
  <class>com.kms.katalon.core.logging.XmlKeywordLogger</class>
  <method>endKeyword</method>
  <thread>1</thread>
  <message>End action : parsingResponse = slurper.parseText(response.getResponseText())</message>
  <nestedLevel>1</nestedLevel>
</record>
<record>
  <date>2019-09-12T13:02:20</date>
  <millis>1568268140816</millis>
  <sequence>24</sequence>
  <level>START</level>
  <class>com.kms.katalon.core.logging.XmlKeywordLogger</class>
  <method>startKeyword</method>
  <thread>1</thread>
  <message>Start action : println(parsingResponse)</message>
  <nestedLevel>1</nestedLevel>
  <property name="startLine">13</property>
  <property name="stepIndex">4</property>
</record>
<record>
  <date>2019-09-12T13:02:20</date>
  <millis>1568268140883</millis>
  <sequence>25</sequence>
  <level>END</level>
  <class>com.kms.katalon.core.logging.XmlKeywordLogger</class>
  <method>endKeyword</method>
  <thread>1</thread>
  <message>End action : println(parsingResponse)</message>
  <nestedLevel>1</nestedLevel>
</record>
<record>
  <date>2019-09-12T13:02:20</date>
  <millis>1568268140883</millis>
  <sequence>26</sequence>
  <level>START</level>
  <class>com.kms.katalon.core.logging.XmlKeywordLogger</class>
  <method>startKeyword</method>
  <thread>1</thread>
  <message>Start action : evidenceCode = code</message>
  <nestedLevel>1</nestedLevel>
  <property name="startLine">15</property>
  <property name="stepIndex">5</property>
</record>
<record>
  <date>2019-09-12T13:02:20</date>
  <millis>1568268140903</millis>
  <sequence>27</sequence>
  <level>END</level>
  <class>com.kms.katalon.core.logging.XmlKeywordLogger</class>
  <method>endKeyword</method>
  <thread>1</thread>
  <message>End action : evidenceCode = code</message>
  <nestedLevel>1</nestedLevel>
</record>
<record>
  <date>2019-09-12T13:02:20</date>
  <millis>1568268140903</millis>
  <sequence>28</sequence>
  <level>START</level>
  <class>com.kms.katalon.core.logging.XmlKeywordLogger</class>
  <method>startKeyword</method>
  <thread>1</thread>
  <message>Start action : println(evidenceCode)</message>
  <nestedLevel>1</nestedLevel>
  <property name="startLine">17</property>
  <property name="stepIndex">6</property>
</record>
<record>
  <date>2019-09-12T13:02:20</date>
  <millis>1568268140906</millis>
  <sequence>29</sequence>
  <level>END</level>
  <class>com.kms.katalon.core.logging.XmlKeywordLogger</class>
  <method>endKeyword</method>
  <thread>1</thread>
  <message>End action : println(evidenceCode)</message>
  <nestedLevel>1</nestedLevel>
</record>
<record>
  <date>2019-09-12T13:02:20</date>
  <millis>1568268140906</millis>
  <sequence>30</sequence>
  <level>START</level>
  <class>com.kms.katalon.core.logging.XmlKeywordLogger</class>
  <method>startKeyword</method>
  <thread>1</thread>
  <message>Start action : isContain = evidenceCode.contains(expectedEviCode)</message>
  <nestedLevel>1</nestedLevel>
  <property name="startLine">19</property>
  <property name="stepIndex">7</property>
</record>
<record>
  <date>2019-09-12T13:02:20</date>
  <millis>1568268140909</millis>
  <sequence>31</sequence>
  <level>END</level>
  <class>com.kms.katalon.core.logging.XmlKeywordLogger</class>
  <method>endKeyword</method>
  <thread>1</thread>
  <message>End action : isContain = evidenceCode.contains(expectedEviCode)</message>
  <nestedLevel>1</nestedLevel>
</record>
<record>
  <date>2019-09-12T13:02:20</date>
  <millis>1568268140909</millis>
  <sequence>32</sequence>
  <level>START</level>
  <class>com.kms.katalon.core.logging.XmlKeywordLogger</class>
  <method>startKeyword</method>
  <thread>1</thread>
  <message>Start action : println(isContain)</message>
  <nestedLevel>1</nestedLevel>
  <property name="startLine">21</property>
  <property name="stepIndex">8</property>
</record>
<record>
  <date>2019-09-12T13:02:20</date>
  <millis>1568268140913</millis>
  <sequence>33</sequence>
  <level>END</level>
  <class>com.kms.katalon.core.logging.XmlKeywordLogger</class>
  <method>endKeyword</method>
  <thread>1</thread>
  <message>End action : println(isContain)</message>
  <nestedLevel>1</nestedLevel>
</record>
<record>
  <date>2019-09-12T13:02:20</date>
  <millis>1568268140914</millis>
  <sequence>34</sequence>
  <level>START</level>
  <class>com.kms.katalon.core.logging.XmlKeywordLogger</class>
  <method>startKeyword</method>
  <thread>1</thread>
  <message>Start action : verifyEqual(isContain, false)</message>
  <nestedLevel>1</nestedLevel>
  <property name="startLine">23</property>
  <property name="stepIndex">9</property>
</record>
<record>
  <date>2019-09-12T13:02:20</date>
  <millis>1568268140983</millis>
  <sequence>36</sequence>
  <level>PASSED</level>
  <class>com.kms.katalon.core.logging.XmlKeywordLogger</class>
  <method>logMessage</method>
  <thread>1</thread>
  <message>Actual object &amp;apos;false&amp;apos; and expected object &amp;apos;false&amp;apos; are equal</message>
  <nestedLevel>1</nestedLevel>
</record>
<record>
  <date>2019-09-12T13:02:20</date>
  <millis>1568268140985</millis>
  <sequence>37</sequence>
  <level>END</level>
  <class>com.kms.katalon.core.logging.XmlKeywordLogger</class>
  <method>endKeyword</method>
  <thread>1</thread>
  <message>End action : verifyEqual(isContain, false)</message>
  <nestedLevel>1</nestedLevel>
</record>
<record>
  <date>2019-09-12T13:02:20</date>
  <millis>1568268140986</millis>
  <sequence>38</sequence>
  <level>START</level>
  <class>com.kms.katalon.core.logging.XmlKeywordLogger</class>
  <method>startKeyword</method>
  <thread>1</thread>
  <message>Start action : verifyResponseStatusCode(response, 200)</message>
  <nestedLevel>1</nestedLevel>
  <property name="startLine">25</property>
  <property name="stepIndex">10</property>
</record>
<record>
  <date>2019-09-12T13:02:21</date>
  <millis>1568268141021</millis>
  <sequence>40</sequence>
  <level>PASSED</level>
  <class>com.kms.katalon.core.logging.XmlKeywordLogger</class>
  <method>logMessage</method>
  <thread>1</thread>
  <message>Verify response status code successfully</message>
  <nestedLevel>1</nestedLevel>
</record>
<record>
  <date>2019-09-12T13:02:21</date>
  <millis>1568268141022</millis>
  <sequence>41</sequence>
  <level>END</level>
  <class>com.kms.katalon.core.logging.XmlKeywordLogger</class>
  <method>endKeyword</method>
  <thread>1</thread>
  <message>End action : verifyResponseStatusCode(response, 200)</message>
  <nestedLevel>1</nestedLevel>
</record>
<record>
  <date>2019-09-12T13:02:21</date>
  <millis>1568268141022</millis>
  <sequence>42</sequence>
  <level>PASSED</level>
  <class>com.kms.katalon.core.logging.XmlKeywordLogger</class>
  <method>logMessage</method>
  <thread>1</thread>
  <message>Test Cases/AlterationScoringNBMajor/Entry Age Procedure 2/Negative-Entry Age Procedure 2</message>
  <nestedLevel>1</nestedLevel>
</record>
<record>
  <date>2019-09-12T13:02:21</date>
  <millis>1568268141023</millis>
  <sequence>43</sequence>
  <level>END</level>
  <class>com.kms.katalon.core.logging.XmlKeywordLogger</class>
  <method>endTest</method>
  <thread>1</thread>
  <message>End Test Case : Test Cases/AlterationScoringNBMajor/Entry Age Procedure 2/Negative-Entry Age Procedure 2</message>
  <nestedLevel>0</nestedLevel>
</record>
<record>
  <date>2019-09-12T13:02:21</date>
  <millis>1568268141177</millis>
  <sequence>44</sequence>
  <level>END</level>
  <class>com.kms.katalon.core.logging.XmlKeywordLogger</class>
  <method>endSuite</method>
  <thread>1</thread>
  <message>End Test Suite : Test Suites/AlterationScoringNBMajor/Entry Age Procedure 2</message>
  <nestedLevel>0</nestedLevel>
</record>
</log>
